2023-12-20 17:26:03.278  INFO 31444 --- [           main] cn.lili.admin.AdminApplication           : Starting AdminApplication using Java 1.8.0_321 on DESKTOP-KO4HVEC with PID 31444 (D:\Desk\project\wv小程序\lilishop\admin\target\classes started by wzy05 in D:\Desk\project\wv小程序\lilishop)
2023-12-20 17:26:03.286  INFO 31444 --- [           main] cn.lili.admin.AdminApplication           : No active profile set, falling back to default profiles: default
2023-12-20 17:26:06.073  INFO 31444 --- [           main] o.s.b.w.embedded.tomcat.TomcatWebServer  : Tomcat initialized with port(s): 8000 (http)
2023-12-20 17:26:06.090  INFO 31444 --- [           main] o.apache.catalina.core.StandardService   : Starting service [Tomcat]
2023-12-20 17:26:06.091  INFO 31444 --- [           main] org.apache.catalina.core.StandardEngine  : Starting Servlet engine: [Apache Tomcat/9.0.52]
2023-12-20 17:26:06.092  INFO 31444 --- [           main] o.a.catalina.core.AprLifecycleListener   : An older version [1.2.26] of the Apache Tomcat Native library is installed, while Tomcat recommends a minimum version of [1.2.30]
2023-12-20 17:26:06.093  INFO 31444 --- [           main] o.a.catalina.core.AprLifecycleListener   : Loaded Apache Tomcat Native library [1.2.26] using APR version [1.7.0].
2023-12-20 17:26:06.093  INFO 31444 --- [           main] o.a.catalina.core.AprLifecycleListener   : APR capabilities: IPv6 [true], sendfile [true], accept filters [false], random [true], UDS [true].
2023-12-20 17:26:06.093  INFO 31444 --- [           main] o.a.catalina.core.AprLifecycleListener   : APR/OpenSSL configuration: useAprConnector [false], useOpenSSL [true]
2023-12-20 17:26:06.096  INFO 31444 --- [           main] o.a.catalina.core.AprLifecycleListener   : OpenSSL successfully initialized [OpenSSL 1.1.1i  8 Dec 2020]
2023-12-20 17:26:06.214  INFO 31444 --- [           main] o.a.c.c.C.[Tomcat].[localhost].[/]       : Initializing Spring embedded WebApplicationContext
2023-12-20 17:26:06.215  INFO 31444 --- [           main] w.s.c.ServletWebServerApplicationContext : Root WebApplicationContext: initialization completed in 2860 ms
2023-12-20 17:26:07.408  WARN 31444 --- [           main] ion$DefaultTemplateResolverConfiguration : Cannot find template location: classpath:/templates/ (please add some templates or check your Thymeleaf configuration)
2023-12-20 17:26:09.455  INFO 31444 --- [           main] o.s.s.web.DefaultSecurityFilterChain     : Will secure any request with [org.springframework.security.web.context.request.async.WebAsyncManagerIntegrationFilter@492c8137, org.springframework.security.web.context.SecurityContextPersistenceFilter@158e6fc2, org.springframework.security.web.header.HeaderWriterFilter@295d54d6, org.springframework.security.web.authentication.logout.LogoutFilter@35f760a4, org.springframework.security.web.authentication.UsernamePasswordAuthenticationFilter@65259c53, org.springframework.security.web.authentication.www.BasicAuthenticationFilter@7976e536, org.springframework.security.web.savedrequest.RequestCacheAwareFilter@6eaf030c, org.springframework.security.web.servletapi.SecurityContextHolderAwareRequestFilter@26495639, org.springframework.security.web.authentication.rememberme.RememberMeAuthenticationFilter@47ffdbba, org.springframework.security.web.authentication.AnonymousAuthenticationFilter@420b55ed, org.springframework.security.web.session.SessionManagementFilter@4a7db5a, org.springframework.security.web.access.ExceptionTranslationFilter@1bb4c431, org.springframework.security.web.access.intercept.FilterSecurityInterceptor@26a33cf]
2023-12-20 17:26:09.504  INFO 31444 --- [           main] o.s.b.a.e.web.EndpointLinksResolver      : Exposing 14 endpoint(s) beneath base path '/actuator'
2023-12-20 17:26:09.714  INFO 31444 --- [           main] o.s.b.w.embedded.tomcat.TomcatWebServer  : Tomcat started on port(s): 8000 (http) with context path ''
2023-12-20 17:26:09.742  INFO 31444 --- [           main] cn.lili.admin.AdminApplication           : Started AdminApplication in 8.019 seconds (JVM running for 8.818)
2023-12-20 17:29:37.443  INFO 36628 --- [           main] cn.lili.admin.AdminApplication           : Starting AdminApplication using Java 1.8.0_321 on DESKTOP-KO4HVEC with PID 36628 (D:\Desk\project\wv小程序\lilishop\admin\target\classes started by wzy05 in D:\Desk\project\wv小程序\lilishop)
2023-12-20 17:29:37.447  INFO 36628 --- [           main] cn.lili.admin.AdminApplication           : No active profile set, falling back to default profiles: default
2023-12-20 17:29:39.279  INFO 36628 --- [           main] o.s.b.w.embedded.tomcat.TomcatWebServer  : Tomcat initialized with port(s): 8000 (http)
2023-12-20 17:29:39.291  INFO 36628 --- [           main] o.apache.catalina.core.StandardService   : Starting service [Tomcat]
2023-12-20 17:29:39.291  INFO 36628 --- [           main] org.apache.catalina.core.StandardEngine  : Starting Servlet engine: [Apache Tomcat/9.0.52]
2023-12-20 17:29:39.292  INFO 36628 --- [           main] o.a.catalina.core.AprLifecycleListener   : An older version [1.2.26] of the Apache Tomcat Native library is installed, while Tomcat recommends a minimum version of [1.2.30]
2023-12-20 17:29:39.292  INFO 36628 --- [           main] o.a.catalina.core.AprLifecycleListener   : Loaded Apache Tomcat Native library [1.2.26] using APR version [1.7.0].
2023-12-20 17:29:39.293  INFO 36628 --- [           main] o.a.catalina.core.AprLifecycleListener   : APR capabilities: IPv6 [true], sendfile [true], accept filters [false], random [true], UDS [true].
2023-12-20 17:29:39.293  INFO 36628 --- [           main] o.a.catalina.core.AprLifecycleListener   : APR/OpenSSL configuration: useAprConnector [false], useOpenSSL [true]
2023-12-20 17:29:39.296  INFO 36628 --- [           main] o.a.catalina.core.AprLifecycleListener   : OpenSSL successfully initialized [OpenSSL 1.1.1i  8 Dec 2020]
2023-12-20 17:29:39.391  INFO 36628 --- [           main] o.a.c.c.C.[Tomcat].[localhost].[/]       : Initializing Spring embedded WebApplicationContext
2023-12-20 17:29:39.392  INFO 36628 --- [           main] w.s.c.ServletWebServerApplicationContext : Root WebApplicationContext: initialization completed in 1898 ms
2023-12-20 17:29:40.268  WARN 36628 --- [           main] ion$DefaultTemplateResolverConfiguration : Cannot find template location: classpath:/templates/ (please add some templates or check your Thymeleaf configuration)
2023-12-20 17:29:41.795  INFO 36628 --- [           main] o.s.s.web.DefaultSecurityFilterChain     : Will secure any request with [org.springframework.security.web.context.request.async.WebAsyncManagerIntegrationFilter@420b55ed, org.springframework.security.web.context.SecurityContextPersistenceFilter@54687fd0, org.springframework.security.web.header.HeaderWriterFilter@398f0516, org.springframework.security.web.authentication.logout.LogoutFilter@2ac05a33, org.springframework.security.web.authentication.UsernamePasswordAuthenticationFilter@4bff28e7, org.springframework.security.web.authentication.www.BasicAuthenticationFilter@670a4738, org.springframework.security.web.savedrequest.RequestCacheAwareFilter@b2da3a5, org.springframework.security.web.servletapi.SecurityContextHolderAwareRequestFilter@45c408a4, org.springframework.security.web.authentication.rememberme.RememberMeAuthenticationFilter@ba0018e, org.springframework.security.web.authentication.AnonymousAuthenticationFilter@f237ae7, org.springframework.security.web.session.SessionManagementFilter@56b66a26, org.springframework.security.web.access.ExceptionTranslationFilter@4fd3b20a, org.springframework.security.web.access.intercept.FilterSecurityInterceptor@29188050]
2023-12-20 17:29:41.824  INFO 36628 --- [           main] o.s.b.a.e.web.EndpointLinksResolver      : Exposing 14 endpoint(s) beneath base path '/actuator'
2023-12-20 17:29:41.869  INFO 36628 --- [           main] o.s.b.w.embedded.tomcat.TomcatWebServer  : Tomcat started on port(s): 8000 (http) with context path ''
2023-12-20 17:29:41.891  INFO 36628 --- [           main] cn.lili.admin.AdminApplication           : Started AdminApplication in 5.602 seconds (JVM running for 6.271)
2023-12-20 17:30:17.355  INFO 32272 --- [           main] cn.lili.admin.AdminApplication           : Starting AdminApplication using Java 1.8.0_321 on DESKTOP-KO4HVEC with PID 32272 (D:\Desk\project\wv小程序\lilishop\admin\target\classes started by wzy05 in D:\Desk\project\wv小程序\lilishop)
2023-12-20 17:30:17.359  INFO 32272 --- [           main] cn.lili.admin.AdminApplication           : No active profile set, falling back to default profiles: default
2023-12-20 17:30:18.995  INFO 32272 --- [           main] o.s.b.w.embedded.tomcat.TomcatWebServer  : Tomcat initialized with port(s): 8000 (http)
2023-12-20 17:30:19.008  INFO 32272 --- [           main] o.apache.catalina.core.StandardService   : Starting service [Tomcat]
2023-12-20 17:30:19.009  INFO 32272 --- [           main] org.apache.catalina.core.StandardEngine  : Starting Servlet engine: [Apache Tomcat/9.0.52]
2023-12-20 17:30:19.011  INFO 32272 --- [           main] o.a.catalina.core.AprLifecycleListener   : An older version [1.2.26] of the Apache Tomcat Native library is installed, while Tomcat recommends a minimum version of [1.2.30]
2023-12-20 17:30:19.012  INFO 32272 --- [           main] o.a.catalina.core.AprLifecycleListener   : Loaded Apache Tomcat Native library [1.2.26] using APR version [1.7.0].
2023-12-20 17:30:19.012  INFO 32272 --- [           main] o.a.catalina.core.AprLifecycleListener   : APR capabilities: IPv6 [true], sendfile [true], accept filters [false], random [true], UDS [true].
2023-12-20 17:30:19.012  INFO 32272 --- [           main] o.a.catalina.core.AprLifecycleListener   : APR/OpenSSL configuration: useAprConnector [false], useOpenSSL [true]
2023-12-20 17:30:19.017  INFO 32272 --- [           main] o.a.catalina.core.AprLifecycleListener   : OpenSSL successfully initialized [OpenSSL 1.1.1i  8 Dec 2020]
2023-12-20 17:30:19.111  INFO 32272 --- [           main] o.a.c.c.C.[Tomcat].[localhost].[/]       : Initializing Spring embedded WebApplicationContext
2023-12-20 17:30:19.112  INFO 32272 --- [           main] w.s.c.ServletWebServerApplicationContext : Root WebApplicationContext: initialization completed in 1716 ms
2023-12-20 17:30:19.915  WARN 32272 --- [           main] ion$DefaultTemplateResolverConfiguration : Cannot find template location: classpath:/templates/ (please add some templates or check your Thymeleaf configuration)
2023-12-20 17:30:21.457  INFO 32272 --- [           main] o.s.s.web.DefaultSecurityFilterChain     : Will secure any request with [org.springframework.security.web.context.request.async.WebAsyncManagerIntegrationFilter@33e8e146, org.springframework.security.web.context.SecurityContextPersistenceFilter@16f4a3c0, org.springframework.security.web.header.HeaderWriterFilter@7a3a49e5, org.springframework.security.web.authentication.logout.LogoutFilter@773f3360, org.springframework.security.web.authentication.UsernamePasswordAuthenticationFilter@141b011a, org.springframework.security.web.authentication.www.BasicAuthenticationFilter@42edde25, org.springframework.security.web.savedrequest.RequestCacheAwareFilter@45c408a4, org.springframework.security.web.servletapi.SecurityContextHolderAwareRequestFilter@356f20b7, org.springframework.security.web.authentication.rememberme.RememberMeAuthenticationFilter@77d95e5a, org.springframework.security.web.authentication.AnonymousAuthenticationFilter@1f4d38f9, org.springframework.security.web.session.SessionManagementFilter@acd3460, org.springframework.security.web.access.ExceptionTranslationFilter@b2da3a5, org.springframework.security.web.access.intercept.FilterSecurityInterceptor@6c1f15df]
2023-12-20 17:30:21.486  INFO 32272 --- [           main] o.s.b.a.e.web.EndpointLinksResolver      : Exposing 14 endpoint(s) beneath base path '/actuator'
2023-12-20 17:30:21.536  INFO 32272 --- [           main] o.s.b.w.embedded.tomcat.TomcatWebServer  : Tomcat started on port(s): 8000 (http) with context path ''
2023-12-20 17:30:21.553  INFO 32272 --- [           main] cn.lili.admin.AdminApplication           : Started AdminApplication in 5.235 seconds (JVM running for 5.798)
[2m2023-12-20 17:49:51.498[0;39m [32m INFO[0;39m [35m29516[0;39m [2m---[0;39m [2m[           main][0;39m [36mcn.lili.admin.AdminApplication          [0;39m [2m:[0;39m Starting AdminApplication using Java 1.8.0_321 on DESKTOP-KO4HVEC with PID 29516 (D:\Desk\project\wv小程序\lilishop\admin\target\classes started by wzy05 in D:\Desk\project\wv小程序\lilishop)
[2m2023-12-20 17:49:51.501[0;39m [32m INFO[0;39m [35m29516[0;39m [2m---[0;39m [2m[           main][0;39m [36mcn.lili.admin.AdminApplication          [0;39m [2m:[0;39m No active profile set, falling back to default profiles: default
[2m2023-12-20 17:49:52.734[0;39m [32m INFO[0;39m [35m29516[0;39m [2m---[0;39m [2m[           main][0;39m [36mo.s.b.w.embedded.tomcat.TomcatWebServer [0;39m [2m:[0;39m Tomcat initialized with port(s): 8000 (http)
[2m2023-12-20 17:49:52.743[0;39m [32m INFO[0;39m [35m29516[0;39m [2m---[0;39m [2m[           main][0;39m [36mo.apache.catalina.core.StandardService  [0;39m [2m:[0;39m Starting service [Tomcat]
[2m2023-12-20 17:49:52.743[0;39m [32m INFO[0;39m [35m29516[0;39m [2m---[0;39m [2m[           main][0;39m [36morg.apache.catalina.core.StandardEngine [0;39m [2m:[0;39m Starting Servlet engine: [Apache Tomcat/9.0.52]
[2m2023-12-20 17:49:52.745[0;39m [32m INFO[0;39m [35m29516[0;39m [2m---[0;39m [2m[           main][0;39m [36mo.a.catalina.core.AprLifecycleListener  [0;39m [2m:[0;39m An older version [1.2.26] of the Apache Tomcat Native library is installed, while Tomcat recommends a minimum version of [1.2.30]
[2m2023-12-20 17:49:52.745[0;39m [32m INFO[0;39m [35m29516[0;39m [2m---[0;39m [2m[           main][0;39m [36mo.a.catalina.core.AprLifecycleListener  [0;39m [2m:[0;39m Loaded Apache Tomcat Native library [1.2.26] using APR version [1.7.0].
[2m2023-12-20 17:49:52.746[0;39m [32m INFO[0;39m [35m29516[0;39m [2m---[0;39m [2m[           main][0;39m [36mo.a.catalina.core.AprLifecycleListener  [0;39m [2m:[0;39m APR capabilities: IPv6 [true], sendfile [true], accept filters [false], random [true], UDS [true].
[2m2023-12-20 17:49:52.746[0;39m [32m INFO[0;39m [35m29516[0;39m [2m---[0;39m [2m[           main][0;39m [36mo.a.catalina.core.AprLifecycleListener  [0;39m [2m:[0;39m APR/OpenSSL configuration: useAprConnector [false], useOpenSSL [true]
[2m2023-12-20 17:49:52.750[0;39m [32m INFO[0;39m [35m29516[0;39m [2m---[0;39m [2m[           main][0;39m [36mo.a.catalina.core.AprLifecycleListener  [0;39m [2m:[0;39m OpenSSL successfully initialized [OpenSSL 1.1.1i  8 Dec 2020]
[2m2023-12-20 17:49:52.833[0;39m [32m INFO[0;39m [35m29516[0;39m [2m---[0;39m [2m[           main][0;39m [36mo.a.c.c.C.[Tomcat].[localhost].[/]      [0;39m [2m:[0;39m Initializing Spring embedded WebApplicationContext
[2m2023-12-20 17:49:52.833[0;39m [32m INFO[0;39m [35m29516[0;39m [2m---[0;39m [2m[           main][0;39m [36mw.s.c.ServletWebServerApplicationContext[0;39m [2m:[0;39m Root WebApplicationContext: initialization completed in 1296 ms
[2m2023-12-20 17:49:53.417[0;39m [33m WARN[0;39m [35m29516[0;39m [2m---[0;39m [2m[           main][0;39m [36mion$DefaultTemplateResolverConfiguration[0;39m [2m:[0;39m Cannot find template location: classpath:/templates/ (please add some templates or check your Thymeleaf configuration)
[2m2023-12-20 17:49:54.757[0;39m [32m INFO[0;39m [35m29516[0;39m [2m---[0;39m [2m[           main][0;39m [36mo.s.s.web.DefaultSecurityFilterChain    [0;39m [2m:[0;39m Will secure any request with [org.springframework.security.web.context.request.async.WebAsyncManagerIntegrationFilter@5c1c9881, org.springframework.security.web.context.SecurityContextPersistenceFilter@2c3f43d1, org.springframework.security.web.header.HeaderWriterFilter@14590fe2, org.springframework.security.web.authentication.logout.LogoutFilter@3c27f72, org.springframework.security.web.authentication.UsernamePasswordAuthenticationFilter@4db728df, org.springframework.security.web.authentication.www.BasicAuthenticationFilter@71fb8301, org.springframework.security.web.savedrequest.RequestCacheAwareFilter@f10d055, org.springframework.security.web.servletapi.SecurityContextHolderAwareRequestFilter@5f6a8efe, org.springframework.security.web.authentication.rememberme.RememberMeAuthenticationFilter@18db3b3c, org.springframework.security.web.authentication.AnonymousAuthenticationFilter@1c18ee69, org.springframework.security.web.session.SessionManagementFilter@2299d903, org.springframework.security.web.access.ExceptionTranslationFilter@12aa381f, org.springframework.security.web.access.intercept.FilterSecurityInterceptor@194224ca]
[2m2023-12-20 17:49:54.776[0;39m [32m INFO[0;39m [35m29516[0;39m [2m---[0;39m [2m[           main][0;39m [36mo.s.b.a.e.web.EndpointLinksResolver     [0;39m [2m:[0;39m Exposing 14 endpoint(s) beneath base path '/actuator'
[2m2023-12-20 17:49:54.817[0;39m [32m INFO[0;39m [35m29516[0;39m [2m---[0;39m [2m[           main][0;39m [36mo.s.b.w.embedded.tomcat.TomcatWebServer [0;39m [2m:[0;39m Tomcat started on port(s): 8000 (http) with context path ''
[2m2023-12-20 17:49:54.835[0;39m [32m INFO[0;39m [35m29516[0;39m [2m---[0;39m [2m[           main][0;39m [36mcn.lili.admin.AdminApplication          [0;39m [2m:[0;39m Started AdminApplication in 4.253 seconds (JVM running for 5.448)
[2m2023-12-20 17:49:55.445[0;39m [32m INFO[0;39m [35m29516[0;39m [2m---[0;39m [2m[3)-192.168.29.1][0;39m [36mo.a.c.c.C.[Tomcat].[localhost].[/]      [0;39m [2m:[0;39m Initializing Spring DispatcherServlet 'dispatcherServlet'
[2m2023-12-20 17:49:55.445[0;39m [32m INFO[0;39m [35m29516[0;39m [2m---[0;39m [2m[3)-192.168.29.1][0;39m [36mo.s.web.servlet.DispatcherServlet       [0;39m [2m:[0;39m Initializing Servlet 'dispatcherServlet'
[2m2023-12-20 17:49:55.447[0;39m [32m INFO[0;39m [35m29516[0;39m [2m---[0;39m [2m[3)-192.168.29.1][0;39m [36mo.s.web.servlet.DispatcherServlet       [0;39m [2m:[0;39m Completed initialization in 2 ms
[2m2023-12-20 17:50:48.210[0;39m [32m INFO[0;39m [35m24436[0;39m [2m---[0;39m [2m[           main][0;39m [36mcn.lili.admin.AdminApplication          [0;39m [2m:[0;39m Starting AdminApplication using Java 1.8.0_321 on DESKTOP-KO4HVEC with PID 24436 (D:\Desk\project\wv小程序\lilishop\admin\target\classes started by wzy05 in D:\Desk\project\wv小程序\lilishop)
[2m2023-12-20 17:50:48.214[0;39m [32m INFO[0;39m [35m24436[0;39m [2m---[0;39m [2m[           main][0;39m [36mcn.lili.admin.AdminApplication          [0;39m [2m:[0;39m No active profile set, falling back to default profiles: default
[2m2023-12-20 17:50:49.217[0;39m [32m INFO[0;39m [35m24436[0;39m [2m---[0;39m [2m[           main][0;39m [36mo.s.b.w.embedded.tomcat.TomcatWebServer [0;39m [2m:[0;39m Tomcat initialized with port(s): 8000 (http)
[2m2023-12-20 17:50:49.225[0;39m [32m INFO[0;39m [35m24436[0;39m [2m---[0;39m [2m[           main][0;39m [36mo.apache.catalina.core.StandardService  [0;39m [2m:[0;39m Starting service [Tomcat]
[2m2023-12-20 17:50:49.225[0;39m [32m INFO[0;39m [35m24436[0;39m [2m---[0;39m [2m[           main][0;39m [36morg.apache.catalina.core.StandardEngine [0;39m [2m:[0;39m Starting Servlet engine: [Apache Tomcat/9.0.52]
[2m2023-12-20 17:50:49.227[0;39m [32m INFO[0;39m [35m24436[0;39m [2m---[0;39m [2m[           main][0;39m [36mo.a.catalina.core.AprLifecycleListener  [0;39m [2m:[0;39m An older version [1.2.26] of the Apache Tomcat Native library is installed, while Tomcat recommends a minimum version of [1.2.30]
[2m2023-12-20 17:50:49.227[0;39m [32m INFO[0;39m [35m24436[0;39m [2m---[0;39m [2m[           main][0;39m [36mo.a.catalina.core.AprLifecycleListener  [0;39m [2m:[0;39m Loaded Apache Tomcat Native library [1.2.26] using APR version [1.7.0].
[2m2023-12-20 17:50:49.227[0;39m [32m INFO[0;39m [35m24436[0;39m [2m---[0;39m [2m[           main][0;39m [36mo.a.catalina.core.AprLifecycleListener  [0;39m [2m:[0;39m APR capabilities: IPv6 [true], sendfile [true], accept filters [false], random [true], UDS [true].
[2m2023-12-20 17:50:49.227[0;39m [32m INFO[0;39m [35m24436[0;39m [2m---[0;39m [2m[           main][0;39m [36mo.a.catalina.core.AprLifecycleListener  [0;39m [2m:[0;39m APR/OpenSSL configuration: useAprConnector [false], useOpenSSL [true]
[2m2023-12-20 17:50:49.230[0;39m [32m INFO[0;39m [35m24436[0;39m [2m---[0;39m [2m[           main][0;39m [36mo.a.catalina.core.AprLifecycleListener  [0;39m [2m:[0;39m OpenSSL successfully initialized [OpenSSL 1.1.1i  8 Dec 2020]
[2m2023-12-20 17:50:49.299[0;39m [32m INFO[0;39m [35m24436[0;39m [2m---[0;39m [2m[           main][0;39m [36mo.a.c.c.C.[Tomcat].[localhost].[/]      [0;39m [2m:[0;39m Initializing Spring embedded WebApplicationContext
[2m2023-12-20 17:50:49.299[0;39m [32m INFO[0;39m [35m24436[0;39m [2m---[0;39m [2m[           main][0;39m [36mw.s.c.ServletWebServerApplicationContext[0;39m [2m:[0;39m Root WebApplicationContext: initialization completed in 1018 ms
[2m2023-12-20 17:50:49.753[0;39m [33m WARN[0;39m [35m24436[0;39m [2m---[0;39m [2m[           main][0;39m [36mion$DefaultTemplateResolverConfiguration[0;39m [2m:[0;39m Cannot find template location: classpath:/templates/ (please add some templates or check your Thymeleaf configuration)
[2m2023-12-20 17:50:50.988[0;39m [32m INFO[0;39m [35m24436[0;39m [2m---[0;39m [2m[           main][0;39m [36mo.s.s.web.DefaultSecurityFilterChain    [0;39m [2m:[0;39m Will secure any request with [org.springframework.security.web.context.request.async.WebAsyncManagerIntegrationFilter@61c87f1b, org.springframework.security.web.context.SecurityContextPersistenceFilter@604c7e9b, org.springframework.security.web.header.HeaderWriterFilter@65af05b2, org.springframework.security.web.authentication.logout.LogoutFilter@54275b5d, org.springframework.security.web.authentication.UsernamePasswordAuthenticationFilter@16a09809, org.springframework.security.web.authentication.www.BasicAuthenticationFilter@4809c771, org.springframework.security.web.savedrequest.RequestCacheAwareFilter@6181bc4a, org.springframework.security.web.servletapi.SecurityContextHolderAwareRequestFilter@370a8b6e, org.springframework.security.web.authentication.rememberme.RememberMeAuthenticationFilter@359e27d2, org.springframework.security.web.authentication.AnonymousAuthenticationFilter@1857fe6c, org.springframework.security.web.session.SessionManagementFilter@2c2a903f, org.springframework.security.web.access.ExceptionTranslationFilter@2211b44f, org.springframework.security.web.access.intercept.FilterSecurityInterceptor@311a0b3e]
[2m2023-12-20 17:50:51.005[0;39m [32m INFO[0;39m [35m24436[0;39m [2m---[0;39m [2m[           main][0;39m [36mo.s.b.a.e.web.EndpointLinksResolver     [0;39m [2m:[0;39m Exposing 14 endpoint(s) beneath base path '/actuator'
[2m2023-12-20 17:50:51.041[0;39m [32m INFO[0;39m [35m24436[0;39m [2m---[0;39m [2m[           main][0;39m [36mo.s.b.w.embedded.tomcat.TomcatWebServer [0;39m [2m:[0;39m Tomcat started on port(s): 8000 (http) with context path ''
[2m2023-12-20 17:50:51.059[0;39m [32m INFO[0;39m [35m24436[0;39m [2m---[0;39m [2m[           main][0;39m [36mcn.lili.admin.AdminApplication          [0;39m [2m:[0;39m Started AdminApplication in 3.574 seconds (JVM running for 4.602)
[2m2023-12-20 17:50:51.768[0;39m [32m INFO[0;39m [35m24436[0;39m [2m---[0;39m [2m[2)-192.168.29.1][0;39m [36mo.a.c.c.C.[Tomcat].[localhost].[/]      [0;39m [2m:[0;39m Initializing Spring DispatcherServlet 'dispatcherServlet'
[2m2023-12-20 17:50:51.769[0;39m [32m INFO[0;39m [35m24436[0;39m [2m---[0;39m [2m[2)-192.168.29.1][0;39m [36mo.s.web.servlet.DispatcherServlet       [0;39m [2m:[0;39m Initializing Servlet 'dispatcherServlet'
[2m2023-12-20 17:50:51.772[0;39m [32m INFO[0;39m [35m24436[0;39m [2m---[0;39m [2m[2)-192.168.29.1][0;39m [36mo.s.web.servlet.DispatcherServlet       [0;39m [2m:[0;39m Completed initialization in 2 ms
[2m2023-12-20 17:51:40.384[0;39m [32m INFO[0;39m [35m36808[0;39m [2m---[0;39m [2m[           main][0;39m [36mcn.lili.admin.AdminApplication          [0;39m [2m:[0;39m Starting AdminApplication using Java 1.8.0_321 on DESKTOP-KO4HVEC with PID 36808 (D:\Desk\project\wv小程序\lilishop\admin\target\classes started by wzy05 in D:\Desk\project\wv小程序\lilishop)
[2m2023-12-20 17:51:40.388[0;39m [32m INFO[0;39m [35m36808[0;39m [2m---[0;39m [2m[           main][0;39m [36mcn.lili.admin.AdminApplication          [0;39m [2m:[0;39m No active profile set, falling back to default profiles: default
[2m2023-12-20 17:51:41.478[0;39m [32m INFO[0;39m [35m36808[0;39m [2m---[0;39m [2m[           main][0;39m [36mo.s.b.w.embedded.tomcat.TomcatWebServer [0;39m [2m:[0;39m Tomcat initialized with port(s): 8000 (http)
[2m2023-12-20 17:51:41.486[0;39m [32m INFO[0;39m [35m36808[0;39m [2m---[0;39m [2m[           main][0;39m [36mo.apache.catalina.core.StandardService  [0;39m [2m:[0;39m Starting service [Tomcat]
[2m2023-12-20 17:51:41.486[0;39m [32m INFO[0;39m [35m36808[0;39m [2m---[0;39m [2m[           main][0;39m [36morg.apache.catalina.core.StandardEngine [0;39m [2m:[0;39m Starting Servlet engine: [Apache Tomcat/9.0.52]
[2m2023-12-20 17:51:41.488[0;39m [32m INFO[0;39m [35m36808[0;39m [2m---[0;39m [2m[           main][0;39m [36mo.a.catalina.core.AprLifecycleListener  [0;39m [2m:[0;39m An older version [1.2.26] of the Apache Tomcat Native library is installed, while Tomcat recommends a minimum version of [1.2.30]
[2m2023-12-20 17:51:41.488[0;39m [32m INFO[0;39m [35m36808[0;39m [2m---[0;39m [2m[           main][0;39m [36mo.a.catalina.core.AprLifecycleListener  [0;39m [2m:[0;39m Loaded Apache Tomcat Native library [1.2.26] using APR version [1.7.0].
[2m2023-12-20 17:51:41.488[0;39m [32m INFO[0;39m [35m36808[0;39m [2m---[0;39m [2m[           main][0;39m [36mo.a.catalina.core.AprLifecycleListener  [0;39m [2m:[0;39m APR capabilities: IPv6 [true], sendfile [true], accept filters [false], random [true], UDS [true].
[2m2023-12-20 17:51:41.488[0;39m [32m INFO[0;39m [35m36808[0;39m [2m---[0;39m [2m[           main][0;39m [36mo.a.catalina.core.AprLifecycleListener  [0;39m [2m:[0;39m APR/OpenSSL configuration: useAprConnector [false], useOpenSSL [true]
[2m2023-12-20 17:51:41.491[0;39m [32m INFO[0;39m [35m36808[0;39m [2m---[0;39m [2m[           main][0;39m [36mo.a.catalina.core.AprLifecycleListener  [0;39m [2m:[0;39m OpenSSL successfully initialized [OpenSSL 1.1.1i  8 Dec 2020]
[2m2023-12-20 17:51:41.564[0;39m [32m INFO[0;39m [35m36808[0;39m [2m---[0;39m [2m[           main][0;39m [36mo.a.c.c.C.[Tomcat].[localhost].[/]      [0;39m [2m:[0;39m Initializing Spring embedded WebApplicationContext
[2m2023-12-20 17:51:41.565[0;39m [32m INFO[0;39m [35m36808[0;39m [2m---[0;39m [2m[           main][0;39m [36mw.s.c.ServletWebServerApplicationContext[0;39m [2m:[0;39m Root WebApplicationContext: initialization completed in 1113 ms
[2m2023-12-20 17:51:42.086[0;39m [33m WARN[0;39m [35m36808[0;39m [2m---[0;39m [2m[           main][0;39m [36mion$DefaultTemplateResolverConfiguration[0;39m [2m:[0;39m Cannot find template location: classpath:/templates/ (please add some templates or check your Thymeleaf configuration)
[2m2023-12-20 17:51:43.307[0;39m [32m INFO[0;39m [35m36808[0;39m [2m---[0;39m [2m[           main][0;39m [36mo.s.s.web.DefaultSecurityFilterChain    [0;39m [2m:[0;39m Will secure any request with [org.springframework.security.web.context.request.async.WebAsyncManagerIntegrationFilter@749d7c01, org.springframework.security.web.context.SecurityContextPersistenceFilter@5a82bc58, org.springframework.security.web.header.HeaderWriterFilter@57b1ec84, org.springframework.security.web.authentication.logout.LogoutFilter@118fbaf0, org.springframework.security.web.authentication.UsernamePasswordAuthenticationFilter@20faaf77, org.springframework.security.web.authentication.www.BasicAuthenticationFilter@3de8f85c, org.springframework.security.web.savedrequest.RequestCacheAwareFilter@6210666c, org.springframework.security.web.servletapi.SecurityContextHolderAwareRequestFilter@2c2a903f, org.springframework.security.web.authentication.rememberme.RememberMeAuthenticationFilter@dd20ebc, org.springframework.security.web.authentication.AnonymousAuthenticationFilter@1d3a03fe, org.springframework.security.web.session.SessionManagementFilter@5cbe95b1, org.springframework.security.web.access.ExceptionTranslationFilter@2c2a7d53, org.springframework.security.web.access.intercept.FilterSecurityInterceptor@4ffa7041]
[2m2023-12-20 17:51:43.331[0;39m [32m INFO[0;39m [35m36808[0;39m [2m---[0;39m [2m[           main][0;39m [36mo.s.b.a.e.web.EndpointLinksResolver     [0;39m [2m:[0;39m Exposing 14 endpoint(s) beneath base path '/actuator'
[2m2023-12-20 17:51:43.378[0;39m [32m INFO[0;39m [35m36808[0;39m [2m---[0;39m [2m[           main][0;39m [36mo.s.b.w.embedded.tomcat.TomcatWebServer [0;39m [2m:[0;39m Tomcat started on port(s): 8000 (http) with context path ''
[2m2023-12-20 17:51:43.394[0;39m [32m INFO[0;39m [35m36808[0;39m [2m---[0;39m [2m[           main][0;39m [36mcn.lili.admin.AdminApplication          [0;39m [2m:[0;39m Started AdminApplication in 3.697 seconds (JVM running for 4.757)
[2m2023-12-20 17:51:43.943[0;39m [32m INFO[0;39m [35m36808[0;39m [2m---[0;39m [2m[2)-192.168.29.1][0;39m [36mo.a.c.c.C.[Tomcat].[localhost].[/]      [0;39m [2m:[0;39m Initializing Spring DispatcherServlet 'dispatcherServlet'
[2m2023-12-20 17:51:43.944[0;39m [32m INFO[0;39m [35m36808[0;39m [2m---[0;39m [2m[2)-192.168.29.1][0;39m [36mo.s.web.servlet.DispatcherServlet       [0;39m [2m:[0;39m Initializing Servlet 'dispatcherServlet'
[2m2023-12-20 17:51:43.947[0;39m [32m INFO[0;39m [35m36808[0;39m [2m---[0;39m [2m[2)-192.168.29.1][0;39m [36mo.s.web.servlet.DispatcherServlet       [0;39m [2m:[0;39m Completed initialization in 2 ms
[2m2023-12-20 17:53:04.126[0;39m [32m INFO[0;39m [35m29512[0;39m [2m---[0;39m [2m[           main][0;39m [36mcn.lili.admin.AdminApplication          [0;39m [2m:[0;39m Starting AdminApplication using Java 1.8.0_321 on DESKTOP-KO4HVEC with PID 29512 (D:\Desk\project\wv小程序\lilishop\admin\target\classes started by wzy05 in D:\Desk\project\wv小程序\lilishop)
[2m2023-12-20 17:53:04.129[0;39m [32m INFO[0;39m [35m29512[0;39m [2m---[0;39m [2m[           main][0;39m [36mcn.lili.admin.AdminApplication          [0;39m [2m:[0;39m No active profile set, falling back to default profiles: default
[2m2023-12-20 17:53:05.140[0;39m [32m INFO[0;39m [35m29512[0;39m [2m---[0;39m [2m[           main][0;39m [36mo.s.b.w.embedded.tomcat.TomcatWebServer [0;39m [2m:[0;39m Tomcat initialized with port(s): 8000 (http)
[2m2023-12-20 17:53:05.148[0;39m [32m INFO[0;39m [35m29512[0;39m [2m---[0;39m [2m[           main][0;39m [36mo.apache.catalina.core.StandardService  [0;39m [2m:[0;39m Starting service [Tomcat]
[2m2023-12-20 17:53:05.149[0;39m [32m INFO[0;39m [35m29512[0;39m [2m---[0;39m [2m[           main][0;39m [36morg.apache.catalina.core.StandardEngine [0;39m [2m:[0;39m Starting Servlet engine: [Apache Tomcat/9.0.52]
[2m2023-12-20 17:53:05.151[0;39m [32m INFO[0;39m [35m29512[0;39m [2m---[0;39m [2m[           main][0;39m [36mo.a.catalina.core.AprLifecycleListener  [0;39m [2m:[0;39m An older version [1.2.26] of the Apache Tomcat Native library is installed, while Tomcat recommends a minimum version of [1.2.30]
[2m2023-12-20 17:53:05.151[0;39m [32m INFO[0;39m [35m29512[0;39m [2m---[0;39m [2m[           main][0;39m [36mo.a.catalina.core.AprLifecycleListener  [0;39m [2m:[0;39m Loaded Apache Tomcat Native library [1.2.26] using APR version [1.7.0].
[2m2023-12-20 17:53:05.151[0;39m [32m INFO[0;39m [35m29512[0;39m [2m---[0;39m [2m[           main][0;39m [36mo.a.catalina.core.AprLifecycleListener  [0;39m [2m:[0;39m APR capabilities: IPv6 [true], sendfile [true], accept filters [false], random [true], UDS [true].
[2m2023-12-20 17:53:05.151[0;39m [32m INFO[0;39m [35m29512[0;39m [2m---[0;39m [2m[           main][0;39m [36mo.a.catalina.core.AprLifecycleListener  [0;39m [2m:[0;39m APR/OpenSSL configuration: useAprConnector [false], useOpenSSL [true]
[2m2023-12-20 17:53:05.154[0;39m [32m INFO[0;39m [35m29512[0;39m [2m---[0;39m [2m[           main][0;39m [36mo.a.catalina.core.AprLifecycleListener  [0;39m [2m:[0;39m OpenSSL successfully initialized [OpenSSL 1.1.1i  8 Dec 2020]
[2m2023-12-20 17:53:05.223[0;39m [32m INFO[0;39m [35m29512[0;39m [2m---[0;39m [2m[           main][0;39m [36mo.a.c.c.C.[Tomcat].[localhost].[/]      [0;39m [2m:[0;39m Initializing Spring embedded WebApplicationContext
[2m2023-12-20 17:53:05.223[0;39m [32m INFO[0;39m [35m29512[0;39m [2m---[0;39m [2m[           main][0;39m [36mw.s.c.ServletWebServerApplicationContext[0;39m [2m:[0;39m Root WebApplicationContext: initialization completed in 1062 ms
[2m2023-12-20 17:53:05.702[0;39m [33m WARN[0;39m [35m29512[0;39m [2m---[0;39m [2m[           main][0;39m [36mion$DefaultTemplateResolverConfiguration[0;39m [2m:[0;39m Cannot find template location: classpath:/templates/ (please add some templates or check your Thymeleaf configuration)
[2m2023-12-20 17:53:06.869[0;39m [32m INFO[0;39m [35m29512[0;39m [2m---[0;39m [2m[           main][0;39m [36mo.s.s.web.DefaultSecurityFilterChain    [0;39m [2m:[0;39m Will secure any request with [org.springframework.security.web.context.request.async.WebAsyncManagerIntegrationFilter@359e27d2, org.springframework.security.web.context.SecurityContextPersistenceFilter@65af05b2, org.springframework.security.web.header.HeaderWriterFilter@2211b44f, org.springframework.security.web.authentication.logout.LogoutFilter@1ba35152, org.springframework.security.web.authentication.UsernamePasswordAuthenticationFilter@3de8f85c, org.springframework.security.web.authentication.www.BasicAuthenticationFilter@401ec794, org.springframework.security.web.savedrequest.RequestCacheAwareFilter@2c2a903f, org.springframework.security.web.servletapi.SecurityContextHolderAwareRequestFilter@399f5daf, org.springframework.security.web.authentication.rememberme.RememberMeAuthenticationFilter@47f0f414, org.springframework.security.web.authentication.AnonymousAuthenticationFilter@277bc3a5, org.springframework.security.web.session.SessionManagementFilter@15f519f7, org.springframework.security.web.access.ExceptionTranslationFilter@6210666c, org.springframework.security.web.access.intercept.FilterSecurityInterceptor@48d44b46]
[2m2023-12-20 17:53:06.887[0;39m [32m INFO[0;39m [35m29512[0;39m [2m---[0;39m [2m[           main][0;39m [36mo.s.b.a.e.web.EndpointLinksResolver     [0;39m [2m:[0;39m Exposing 14 endpoint(s) beneath base path '/actuator'
[2m2023-12-20 17:53:06.923[0;39m [32m INFO[0;39m [35m29512[0;39m [2m---[0;39m [2m[           main][0;39m [36mo.s.b.w.embedded.tomcat.TomcatWebServer [0;39m [2m:[0;39m Tomcat started on port(s): 8000 (http) with context path ''
[2m2023-12-20 17:53:06.937[0;39m [32m INFO[0;39m [35m29512[0;39m [2m---[0;39m [2m[           main][0;39m [36mcn.lili.admin.AdminApplication          [0;39m [2m:[0;39m Started AdminApplication in 3.516 seconds (JVM running for 4.563)
[2m2023-12-20 17:53:07.600[0;39m [32m INFO[0;39m [35m29512[0;39m [2m---[0;39m [2m[1)-192.168.29.1][0;39m [36mo.a.c.c.C.[Tomcat].[localhost].[/]      [0;39m [2m:[0;39m Initializing Spring DispatcherServlet 'dispatcherServlet'
[2m2023-12-20 17:53:07.601[0;39m [32m INFO[0;39m [35m29512[0;39m [2m---[0;39m [2m[1)-192.168.29.1][0;39m [36mo.s.web.servlet.DispatcherServlet       [0;39m [2m:[0;39m Initializing Servlet 'dispatcherServlet'
[2m2023-12-20 17:53:07.604[0;39m [32m INFO[0;39m [35m29512[0;39m [2m---[0;39m [2m[1)-192.168.29.1][0;39m [36mo.s.web.servlet.DispatcherServlet       [0;39m [2m:[0;39m Completed initialization in 3 ms
[2m2023-12-20 18:07:58.361[0;39m [32m INFO[0;39m [35m22292[0;39m [2m---[0;39m [2m[           main][0;39m [36mcn.lili.admin.AdminApplication          [0;39m [2m:[0;39m Starting AdminApplication using Java 1.8.0_321 on DESKTOP-KO4HVEC with PID 22292 (D:\Desk\project\wv小程序\lilishop\admin\target\classes started by wzy05 in D:\Desk\project\wv小程序\lilishop)
[2m2023-12-20 18:07:58.400[0;39m [32m INFO[0;39m [35m22292[0;39m [2m---[0;39m [2m[           main][0;39m [36mcn.lili.admin.AdminApplication          [0;39m [2m:[0;39m No active profile set, falling back to default profiles: default
[2m2023-12-20 18:07:59.375[0;39m [32m INFO[0;39m [35m22292[0;39m [2m---[0;39m [2m[           main][0;39m [36mo.s.b.w.embedded.tomcat.TomcatWebServer [0;39m [2m:[0;39m Tomcat initialized with port(s): 8000 (http)
[2m2023-12-20 18:07:59.383[0;39m [32m INFO[0;39m [35m22292[0;39m [2m---[0;39m [2m[           main][0;39m [36mo.apache.catalina.core.StandardService  [0;39m [2m:[0;39m Starting service [Tomcat]
[2m2023-12-20 18:07:59.384[0;39m [32m INFO[0;39m [35m22292[0;39m [2m---[0;39m [2m[           main][0;39m [36morg.apache.catalina.core.StandardEngine [0;39m [2m:[0;39m Starting Servlet engine: [Apache Tomcat/9.0.52]
[2m2023-12-20 18:07:59.385[0;39m [32m INFO[0;39m [35m22292[0;39m [2m---[0;39m [2m[           main][0;39m [36mo.a.catalina.core.AprLifecycleListener  [0;39m [2m:[0;39m An older version [1.2.26] of the Apache Tomcat Native library is installed, while Tomcat recommends a minimum version of [1.2.30]
[2m2023-12-20 18:07:59.385[0;39m [32m INFO[0;39m [35m22292[0;39m [2m---[0;39m [2m[           main][0;39m [36mo.a.catalina.core.AprLifecycleListener  [0;39m [2m:[0;39m Loaded Apache Tomcat Native library [1.2.26] using APR version [1.7.0].
[2m2023-12-20 18:07:59.385[0;39m [32m INFO[0;39m [35m22292[0;39m [2m---[0;39m [2m[           main][0;39m [36mo.a.catalina.core.AprLifecycleListener  [0;39m [2m:[0;39m APR capabilities: IPv6 [true], sendfile [true], accept filters [false], random [true], UDS [true].
[2m2023-12-20 18:07:59.385[0;39m [32m INFO[0;39m [35m22292[0;39m [2m---[0;39m [2m[           main][0;39m [36mo.a.catalina.core.AprLifecycleListener  [0;39m [2m:[0;39m APR/OpenSSL configuration: useAprConnector [false], useOpenSSL [true]
[2m2023-12-20 18:07:59.388[0;39m [32m INFO[0;39m [35m22292[0;39m [2m---[0;39m [2m[           main][0;39m [36mo.a.catalina.core.AprLifecycleListener  [0;39m [2m:[0;39m OpenSSL successfully initialized [OpenSSL 1.1.1i  8 Dec 2020]
[2m2023-12-20 18:07:59.453[0;39m [32m INFO[0;39m [35m22292[0;39m [2m---[0;39m [2m[           main][0;39m [36mo.a.c.c.C.[Tomcat].[localhost].[/]      [0;39m [2m:[0;39m Initializing Spring embedded WebApplicationContext
[2m2023-12-20 18:07:59.454[0;39m [32m INFO[0;39m [35m22292[0;39m [2m---[0;39m [2m[           main][0;39m [36mw.s.c.ServletWebServerApplicationContext[0;39m [2m:[0;39m Root WebApplicationContext: initialization completed in 1020 ms
[2m2023-12-20 18:07:59.917[0;39m [33m WARN[0;39m [35m22292[0;39m [2m---[0;39m [2m[           main][0;39m [36mion$DefaultTemplateResolverConfiguration[0;39m [2m:[0;39m Cannot find template location: classpath:/templates/ (please add some templates or check your Thymeleaf configuration)
[2m2023-12-20 18:08:01.080[0;39m [32m INFO[0;39m [35m22292[0;39m [2m---[0;39m [2m[           main][0;39m [36mo.s.s.web.DefaultSecurityFilterChain    [0;39m [2m:[0;39m Will secure any request with [org.springframework.security.web.context.request.async.WebAsyncManagerIntegrationFilter@147c00aa, org.springframework.security.web.context.SecurityContextPersistenceFilter@146f3d22, org.springframework.security.web.header.HeaderWriterFilter@1760e594, org.springframework.security.web.authentication.logout.LogoutFilter@3c6bd624, org.springframework.security.web.authentication.UsernamePasswordAuthenticationFilter@9e50283, org.springframework.security.web.authentication.www.BasicAuthenticationFilter@2673487b, org.springframework.security.web.savedrequest.RequestCacheAwareFilter@52285a5f, org.springframework.security.web.servletapi.SecurityContextHolderAwareRequestFilter@1bec1589, org.springframework.security.web.authentication.rememberme.RememberMeAuthenticationFilter@ff5d4f1, org.springframework.security.web.authentication.AnonymousAuthenticationFilter@1c90029b, org.springframework.security.web.session.SessionManagementFilter@143413cd, org.springframework.security.web.access.ExceptionTranslationFilter@6fbe4800, org.springframework.security.web.access.intercept.FilterSecurityInterceptor@6f7a20da]
[2m2023-12-20 18:08:01.096[0;39m [32m INFO[0;39m [35m22292[0;39m [2m---[0;39m [2m[           main][0;39m [36mo.s.b.a.e.web.EndpointLinksResolver     [0;39m [2m:[0;39m Exposing 14 endpoint(s) beneath base path '/actuator'
[2m2023-12-20 18:08:01.131[0;39m [32m INFO[0;39m [35m22292[0;39m [2m---[0;39m [2m[           main][0;39m [36mo.s.b.w.embedded.tomcat.TomcatWebServer [0;39m [2m:[0;39m Tomcat started on port(s): 8000 (http) with context path ''
[2m2023-12-20 18:08:01.145[0;39m [32m INFO[0;39m [35m22292[0;39m [2m---[0;39m [2m[           main][0;39m [36mcn.lili.admin.AdminApplication          [0;39m [2m:[0;39m Started AdminApplication in 3.509 seconds (JVM running for 4.565)
[2m2023-12-20 18:08:01.856[0;39m [32m INFO[0;39m [35m22292[0;39m [2m---[0;39m [2m[2)-192.168.29.1][0;39m [36mo.a.c.c.C.[Tomcat].[localhost].[/]      [0;39m [2m:[0;39m Initializing Spring DispatcherServlet 'dispatcherServlet'
[2m2023-12-20 18:08:01.856[0;39m [32m INFO[0;39m [35m22292[0;39m [2m---[0;39m [2m[2)-192.168.29.1][0;39m [36mo.s.web.servlet.DispatcherServlet       [0;39m [2m:[0;39m Initializing Servlet 'dispatcherServlet'
[2m2023-12-20 18:08:01.859[0;39m [32m INFO[0;39m [35m22292[0;39m [2m---[0;39m [2m[2)-192.168.29.1][0;39m [36mo.s.web.servlet.DispatcherServlet       [0;39m [2m:[0;39m Completed initialization in 2 ms
[2m2023-12-20 18:09:43.087[0;39m [32m INFO[0;39m [35m4912[0;39m [2m---[0;39m [2m[           main][0;39m [36mcn.lili.admin.AdminApplication          [0;39m [2m:[0;39m Starting AdminApplication using Java 1.8.0_321 on DESKTOP-KO4HVEC with PID 4912 (D:\Desk\project\wv小程序\lilishop\admin\target\classes started by wzy05 in D:\Desk\project\wv小程序\lilishop)
[2m2023-12-20 18:09:43.090[0;39m [32m INFO[0;39m [35m4912[0;39m [2m---[0;39m [2m[           main][0;39m [36mcn.lili.admin.AdminApplication          [0;39m [2m:[0;39m No active profile set, falling back to default profiles: default
[2m2023-12-20 18:09:44.133[0;39m [32m INFO[0;39m [35m4912[0;39m [2m---[0;39m [2m[           main][0;39m [36mo.s.b.w.embedded.tomcat.TomcatWebServer [0;39m [2m:[0;39m Tomcat initialized with port(s): 8000 (http)
[2m2023-12-20 18:09:44.143[0;39m [32m INFO[0;39m [35m4912[0;39m [2m---[0;39m [2m[           main][0;39m [36mo.apache.catalina.core.StandardService  [0;39m [2m:[0;39m Starting service [Tomcat]
[2m2023-12-20 18:09:44.144[0;39m [32m INFO[0;39m [35m4912[0;39m [2m---[0;39m [2m[           main][0;39m [36morg.apache.catalina.core.StandardEngine [0;39m [2m:[0;39m Starting Servlet engine: [Apache Tomcat/9.0.52]
[2m2023-12-20 18:09:44.146[0;39m [32m INFO[0;39m [35m4912[0;39m [2m---[0;39m [2m[           main][0;39m [36mo.a.catalina.core.AprLifecycleListener  [0;39m [2m:[0;39m An older version [1.2.26] of the Apache Tomcat Native library is installed, while Tomcat recommends a minimum version of [1.2.30]
[2m2023-12-20 18:09:44.146[0;39m [32m INFO[0;39m [35m4912[0;39m [2m---[0;39m [2m[           main][0;39m [36mo.a.catalina.core.AprLifecycleListener  [0;39m [2m:[0;39m Loaded Apache Tomcat Native library [1.2.26] using APR version [1.7.0].
[2m2023-12-20 18:09:44.147[0;39m [32m INFO[0;39m [35m4912[0;39m [2m---[0;39m [2m[           main][0;39m [36mo.a.catalina.core.AprLifecycleListener  [0;39m [2m:[0;39m APR capabilities: IPv6 [true], sendfile [true], accept filters [false], random [true], UDS [true].
[2m2023-12-20 18:09:44.147[0;39m [32m INFO[0;39m [35m4912[0;39m [2m---[0;39m [2m[           main][0;39m [36mo.a.catalina.core.AprLifecycleListener  [0;39m [2m:[0;39m APR/OpenSSL configuration: useAprConnector [false], useOpenSSL [true]
[2m2023-12-20 18:09:44.150[0;39m [32m INFO[0;39m [35m4912[0;39m [2m---[0;39m [2m[           main][0;39m [36mo.a.catalina.core.AprLifecycleListener  [0;39m [2m:[0;39m OpenSSL successfully initialized [OpenSSL 1.1.1i  8 Dec 2020]
[2m2023-12-20 18:09:44.220[0;39m [32m INFO[0;39m [35m4912[0;39m [2m---[0;39m [2m[           main][0;39m [36mo.a.c.c.C.[Tomcat].[localhost].[/]      [0;39m [2m:[0;39m Initializing Spring embedded WebApplicationContext
[2m2023-12-20 18:09:44.221[0;39m [32m INFO[0;39m [35m4912[0;39m [2m---[0;39m [2m[           main][0;39m [36mw.s.c.ServletWebServerApplicationContext[0;39m [2m:[0;39m Root WebApplicationContext: initialization completed in 1100 ms
[2m2023-12-20 18:09:44.755[0;39m [33m WARN[0;39m [35m4912[0;39m [2m---[0;39m [2m[           main][0;39m [36mion$DefaultTemplateResolverConfiguration[0;39m [2m:[0;39m Cannot find template location: classpath:/templates/ (please add some templates or check your Thymeleaf configuration)
[2m2023-12-20 18:09:46.029[0;39m [32m INFO[0;39m [35m4912[0;39m [2m---[0;39m [2m[           main][0;39m [36mo.s.s.web.DefaultSecurityFilterChain    [0;39m [2m:[0;39m Will secure any request with [org.springframework.security.web.context.request.async.WebAsyncManagerIntegrationFilter@137a4b54, org.springframework.security.web.context.SecurityContextPersistenceFilter@4c50cd7d, org.springframework.security.web.header.HeaderWriterFilter@51f34185, org.springframework.security.web.authentication.logout.LogoutFilter@5273143e, org.springframework.security.web.authentication.UsernamePasswordAuthenticationFilter@38667005, org.springframework.security.web.authentication.www.BasicAuthenticationFilter@18faaff6, org.springframework.security.web.savedrequest.RequestCacheAwareFilter@1a4930cf, org.springframework.security.web.servletapi.SecurityContextHolderAwareRequestFilter@448086ab, org.springframework.security.web.authentication.rememberme.RememberMeAuthenticationFilter@760a2b6e, org.springframework.security.web.authentication.AnonymousAuthenticationFilter@7c9372ed, org.springframework.security.web.session.SessionManagementFilter@e49437, org.springframework.security.web.access.ExceptionTranslationFilter@67f591c2, org.springframework.security.web.access.intercept.FilterSecurityInterceptor@165aa43a]
[2m2023-12-20 18:09:46.048[0;39m [32m INFO[0;39m [35m4912[0;39m [2m---[0;39m [2m[           main][0;39m [36mo.s.b.a.e.web.EndpointLinksResolver     [0;39m [2m:[0;39m Exposing 14 endpoint(s) beneath base path '/actuator'
[2m2023-12-20 18:09:46.092[0;39m [32m INFO[0;39m [35m4912[0;39m [2m---[0;39m [2m[           main][0;39m [36mo.s.b.w.embedded.tomcat.TomcatWebServer [0;39m [2m:[0;39m Tomcat started on port(s): 8000 (http) with context path ''
[2m2023-12-20 18:09:46.109[0;39m [32m INFO[0;39m [35m4912[0;39m [2m---[0;39m [2m[           main][0;39m [36mcn.lili.admin.AdminApplication          [0;39m [2m:[0;39m Started AdminApplication in 3.866 seconds (JVM running for 4.982)
[2m2023-12-20 18:09:46.699[0;39m [32m INFO[0;39m [35m4912[0;39m [2m---[0;39m [2m[2)-192.168.29.1][0;39m [36mo.a.c.c.C.[Tomcat].[localhost].[/]      [0;39m [2m:[0;39m Initializing Spring DispatcherServlet 'dispatcherServlet'
[2m2023-12-20 18:09:46.699[0;39m [32m INFO[0;39m [35m4912[0;39m [2m---[0;39m [2m[2)-192.168.29.1][0;39m [36mo.s.web.servlet.DispatcherServlet       [0;39m [2m:[0;39m Initializing Servlet 'dispatcherServlet'
[2m2023-12-20 18:09:46.701[0;39m [32m INFO[0;39m [35m4912[0;39m [2m---[0;39m [2m[2)-192.168.29.1][0;39m [36mo.s.web.servlet.DispatcherServlet       [0;39m [2m:[0;39m Completed initialization in 1 ms
[2m2023-12-20 18:14:42.104[0;39m [31mERROR[0;39m [35m34860[0;39m [2m---[0;39m [2m[           main][0;39m [36mo.s.boot.SpringApplication              [0;39m [2m:[0;39m Application run failed

java.lang.IllegalStateException: java.lang.IllegalStateException: Logback configuration error detected: 
ERROR in ch.qos.logback.core.joran.util.PropertySetter@48b0e701 - Could not invoke method addDestination in class net.logstash.logback.appender.LogstashTcpSocketAppender with parameter of type java.lang.String java.lang.reflect.InvocationTargetException
ERROR in net.logstash.logback.appender.LogstashTcpSocketAppender[LOGSTASH] - No destination was configured. Use <destination> to add one or more destinations to the appender
	at org.springframework.boot.context.logging.LoggingApplicationListener.initializeSystem(LoggingApplicationListener.java:327)
	at org.springframework.boot.context.logging.LoggingApplicationListener.initialize(LoggingApplicationListener.java:281)
	at org.springframework.boot.context.logging.LoggingApplicationListener.onApplicationEnvironmentPreparedEvent(LoggingApplicationListener.java:239)
	at org.springframework.boot.context.logging.LoggingApplicationListener.onApplicationEvent(LoggingApplicationListener.java:216)
	at org.springframework.context.event.SimpleApplicationEventMulticaster.doInvokeListener(SimpleApplicationEventMulticaster.java:176)
	at org.springframework.context.event.SimpleApplicationEventMulticaster.invokeListener(SimpleApplicationEventMulticaster.java:169)
	at org.springframework.context.event.SimpleApplicationEventMulticaster.multicastEvent(SimpleApplicationEventMulticaster.java:143)
	at org.springframework.context.event.SimpleApplicationEventMulticaster.multicastEvent(SimpleApplicationEventMulticaster.java:131)
	at org.springframework.boot.context.event.EventPublishingRunListener.environmentPrepared(EventPublishingRunListener.java:82)
	at org.springframework.boot.SpringApplicationRunListeners.lambda$environmentPrepared$2(SpringApplicationRunListeners.java:63)
	at java.util.ArrayList.forEach(ArrayList.java:1259)
	at org.springframework.boot.SpringApplicationRunListeners.doWithListeners(SpringApplicationRunListeners.java:117)
	at org.springframework.boot.SpringApplicationRunListeners.doWithListeners(SpringApplicationRunListeners.java:111)
	at org.springframework.boot.SpringApplicationRunListeners.environmentPrepared(SpringApplicationRunListeners.java:62)
	at org.springframework.boot.SpringApplication.prepareEnvironment(SpringApplication.java:375)
	at org.springframework.boot.SpringApplication.run(SpringApplication.java:333)
	at org.springframework.boot.SpringApplication.run(SpringApplication.java:1329)
	at org.springframework.boot.SpringApplication.run(SpringApplication.java:1318)
	at cn.lili.admin.AdminApplication.main(AdminApplication.java:27)
Caused by: java.lang.IllegalStateException: Logback configuration error detected: 
ERROR in ch.qos.logback.core.joran.util.PropertySetter@48b0e701 - Could not invoke method addDestination in class net.logstash.logback.appender.LogstashTcpSocketAppender with parameter of type java.lang.String java.lang.reflect.InvocationTargetException
ERROR in net.logstash.logback.appender.LogstashTcpSocketAppender[LOGSTASH] - No destination was configured. Use <destination> to add one or more destinations to the appender
	at org.springframework.boot.logging.logback.LogbackLoggingSystem.loadConfiguration(LogbackLoggingSystem.java:179)
	at org.springframework.boot.logging.AbstractLoggingSystem.initializeWithConventions(AbstractLoggingSystem.java:80)
	at org.springframework.boot.logging.AbstractLoggingSystem.initialize(AbstractLoggingSystem.java:60)
	at org.springframework.boot.logging.logback.LogbackLoggingSystem.initialize(LogbackLoggingSystem.java:132)
	at org.springframework.boot.context.logging.LoggingApplicationListener.initializeSystem(LoggingApplicationListener.java:312)
	... 18 common frames omitted

[2m2023-12-20 18:16:28.855[0;39m [32m INFO[0;39m [35m17700[0;39m [2m---[0;39m [2m[           main][0;39m [36mcn.lili.admin.AdminApplication          [0;39m [2m:[0;39m Starting AdminApplication using Java 1.8.0_321 on DESKTOP-KO4HVEC with PID 17700 (D:\Desk\project\wv小程序\lilishop\admin\target\classes started by wzy05 in D:\Desk\project\wv小程序\lilishop)
[2m2023-12-20 18:16:28.858[0;39m [32m INFO[0;39m [35m17700[0;39m [2m---[0;39m [2m[           main][0;39m [36mcn.lili.admin.AdminApplication          [0;39m [2m:[0;39m No active profile set, falling back to default profiles: default
[2m2023-12-20 18:16:29.739[0;39m [32m INFO[0;39m [35m17700[0;39m [2m---[0;39m [2m[           main][0;39m [36mo.s.b.w.embedded.tomcat.TomcatWebServer [0;39m [2m:[0;39m Tomcat initialized with port(s): 8000 (http)
[2m2023-12-20 18:16:29.746[0;39m [32m INFO[0;39m [35m17700[0;39m [2m---[0;39m [2m[           main][0;39m [36mo.apache.catalina.core.StandardService  [0;39m [2m:[0;39m Starting service [Tomcat]
[2m2023-12-20 18:16:29.747[0;39m [32m INFO[0;39m [35m17700[0;39m [2m---[0;39m [2m[           main][0;39m [36morg.apache.catalina.core.StandardEngine [0;39m [2m:[0;39m Starting Servlet engine: [Apache Tomcat/9.0.52]
[2m2023-12-20 18:16:29.748[0;39m [32m INFO[0;39m [35m17700[0;39m [2m---[0;39m [2m[           main][0;39m [36mo.a.catalina.core.AprLifecycleListener  [0;39m [2m:[0;39m An older version [1.2.26] of the Apache Tomcat Native library is installed, while Tomcat recommends a minimum version of [1.2.30]
[2m2023-12-20 18:16:29.748[0;39m [32m INFO[0;39m [35m17700[0;39m [2m---[0;39m [2m[           main][0;39m [36mo.a.catalina.core.AprLifecycleListener  [0;39m [2m:[0;39m Loaded Apache Tomcat Native library [1.2.26] using APR version [1.7.0].
[2m2023-12-20 18:16:29.748[0;39m [32m INFO[0;39m [35m17700[0;39m [2m---[0;39m [2m[           main][0;39m [36mo.a.catalina.core.AprLifecycleListener  [0;39m [2m:[0;39m APR capabilities: IPv6 [true], sendfile [true], accept filters [false], random [true], UDS [true].
[2m2023-12-20 18:16:29.748[0;39m [32m INFO[0;39m [35m17700[0;39m [2m---[0;39m [2m[           main][0;39m [36mo.a.catalina.core.AprLifecycleListener  [0;39m [2m:[0;39m APR/OpenSSL configuration: useAprConnector [false], useOpenSSL [true]
[2m2023-12-20 18:16:29.751[0;39m [32m INFO[0;39m [35m17700[0;39m [2m---[0;39m [2m[           main][0;39m [36mo.a.catalina.core.AprLifecycleListener  [0;39m [2m:[0;39m OpenSSL successfully initialized [OpenSSL 1.1.1i  8 Dec 2020]
[2m2023-12-20 18:16:29.815[0;39m [32m INFO[0;39m [35m17700[0;39m [2m---[0;39m [2m[           main][0;39m [36mo.a.c.c.C.[Tomcat].[localhost].[/]      [0;39m [2m:[0;39m Initializing Spring embedded WebApplicationContext
[2m2023-12-20 18:16:29.816[0;39m [32m INFO[0;39m [35m17700[0;39m [2m---[0;39m [2m[           main][0;39m [36mw.s.c.ServletWebServerApplicationContext[0;39m [2m:[0;39m Root WebApplicationContext: initialization completed in 928 ms
[2m2023-12-20 18:16:30.163[0;39m [33m WARN[0;39m [35m17700[0;39m [2m---[0;39m [2m[           main][0;39m [36mion$DefaultTemplateResolverConfiguration[0;39m [2m:[0;39m Cannot find template location: classpath:/templates/ (please add some templates or check your Thymeleaf configuration)
[2m2023-12-20 18:16:31.287[0;39m [32m INFO[0;39m [35m17700[0;39m [2m---[0;39m [2m[           main][0;39m [36mo.s.s.web.DefaultSecurityFilterChain    [0;39m [2m:[0;39m Will secure any request with [org.springframework.security.web.context.request.async.WebAsyncManagerIntegrationFilter@42e4e589, org.springframework.security.web.context.SecurityContextPersistenceFilter@16d07cf3, org.springframework.security.web.header.HeaderWriterFilter@27dc627a, org.springframework.security.web.authentication.logout.LogoutFilter@7dee835, org.springframework.security.web.authentication.UsernamePasswordAuthenticationFilter@5bde57ab, org.springframework.security.web.authentication.www.BasicAuthenticationFilter@1ac6dd3d, org.springframework.security.web.savedrequest.RequestCacheAwareFilter@6c977dcf, org.springframework.security.web.servletapi.SecurityContextHolderAwareRequestFilter@459003a0, org.springframework.security.web.authentication.rememberme.RememberMeAuthenticationFilter@794f11cd, org.springframework.security.web.authentication.AnonymousAuthenticationFilter@499ee966, org.springframework.security.web.session.SessionManagementFilter@37a9b687, org.springframework.security.web.access.ExceptionTranslationFilter@3f8dfe74, org.springframework.security.web.access.intercept.FilterSecurityInterceptor@47a7c93e]
[2m2023-12-20 18:16:31.301[0;39m [32m INFO[0;39m [35m17700[0;39m [2m---[0;39m [2m[           main][0;39m [36mo.s.b.a.e.web.EndpointLinksResolver     [0;39m [2m:[0;39m Exposing 14 endpoint(s) beneath base path '/actuator'
[2m2023-12-20 18:16:31.333[0;39m [32m INFO[0;39m [35m17700[0;39m [2m---[0;39m [2m[           main][0;39m [36mo.s.b.w.embedded.tomcat.TomcatWebServer [0;39m [2m:[0;39m Tomcat started on port(s): 8000 (http) with context path ''
[2m2023-12-20 18:16:31.347[0;39m [32m INFO[0;39m [35m17700[0;39m [2m---[0;39m [2m[           main][0;39m [36mcn.lili.admin.AdminApplication          [0;39m [2m:[0;39m Started AdminApplication in 3.168 seconds (JVM running for 4.233)
[2m2023-12-20 18:16:32.213[0;39m [32m INFO[0;39m [35m17700[0;39m [2m---[0;39m [2m[2)-192.168.29.1][0;39m [36mo.a.c.c.C.[Tomcat].[localhost].[/]      [0;39m [2m:[0;39m Initializing Spring DispatcherServlet 'dispatcherServlet'
[2m2023-12-20 18:16:32.214[0;39m [32m INFO[0;39m [35m17700[0;39m [2m---[0;39m [2m[2)-192.168.29.1][0;39m [36mo.s.web.servlet.DispatcherServlet       [0;39m [2m:[0;39m Initializing Servlet 'dispatcherServlet'
[2m2023-12-20 18:16:32.215[0;39m [32m INFO[0;39m [35m17700[0;39m [2m---[0;39m [2m[2)-192.168.29.1][0;39m [36mo.s.web.servlet.DispatcherServlet       [0;39m [2m:[0;39m Completed initialization in 1 ms
[2m2023-12-20 18:20:17.948[0;39m [32m INFO[0;39m [35m22764[0;39m [2m---[0;39m [2m[           main][0;39m [36mcn.lili.admin.AdminApplication          [0;39m [2m:[0;39m Starting AdminApplication using Java 1.8.0_321 on DESKTOP-KO4HVEC with PID 22764 (D:\Desk\project\wv小程序\lilishop\admin\target\classes started by wzy05 in D:\Desk\project\wv小程序\lilishop)
[2m2023-12-20 18:20:17.951[0;39m [32m INFO[0;39m [35m22764[0;39m [2m---[0;39m [2m[           main][0;39m [36mcn.lili.admin.AdminApplication          [0;39m [2m:[0;39m No active profile set, falling back to default profiles: default
[2m2023-12-20 18:20:19.004[0;39m [32m INFO[0;39m [35m22764[0;39m [2m---[0;39m [2m[           main][0;39m [36mo.s.b.w.embedded.tomcat.TomcatWebServer [0;39m [2m:[0;39m Tomcat initialized with port(s): 8000 (http)
[2m2023-12-20 18:20:19.015[0;39m [32m INFO[0;39m [35m22764[0;39m [2m---[0;39m [2m[           main][0;39m [36mo.apache.catalina.core.StandardService  [0;39m [2m:[0;39m Starting service [Tomcat]
[2m2023-12-20 18:20:19.015[0;39m [32m INFO[0;39m [35m22764[0;39m [2m---[0;39m [2m[           main][0;39m [36morg.apache.catalina.core.StandardEngine [0;39m [2m:[0;39m Starting Servlet engine: [Apache Tomcat/9.0.52]
[2m2023-12-20 18:20:19.017[0;39m [32m INFO[0;39m [35m22764[0;39m [2m---[0;39m [2m[           main][0;39m [36mo.a.catalina.core.AprLifecycleListener  [0;39m [2m:[0;39m An older version [1.2.26] of the Apache Tomcat Native library is installed, while Tomcat recommends a minimum version of [1.2.30]
[2m2023-12-20 18:20:19.017[0;39m [32m INFO[0;39m [35m22764[0;39m [2m---[0;39m [2m[           main][0;39m [36mo.a.catalina.core.AprLifecycleListener  [0;39m [2m:[0;39m Loaded Apache Tomcat Native library [1.2.26] using APR version [1.7.0].
[2m2023-12-20 18:20:19.018[0;39m [32m INFO[0;39m [35m22764[0;39m [2m---[0;39m [2m[           main][0;39m [36mo.a.catalina.core.AprLifecycleListener  [0;39m [2m:[0;39m APR capabilities: IPv6 [true], sendfile [true], accept filters [false], random [true], UDS [true].
[2m2023-12-20 18:20:19.018[0;39m [32m INFO[0;39m [35m22764[0;39m [2m---[0;39m [2m[           main][0;39m [36mo.a.catalina.core.AprLifecycleListener  [0;39m [2m:[0;39m APR/OpenSSL configuration: useAprConnector [false], useOpenSSL [true]
[2m2023-12-20 18:20:19.022[0;39m [32m INFO[0;39m [35m22764[0;39m [2m---[0;39m [2m[           main][0;39m [36mo.a.catalina.core.AprLifecycleListener  [0;39m [2m:[0;39m OpenSSL successfully initialized [OpenSSL 1.1.1i  8 Dec 2020]
[2m2023-12-20 18:20:19.100[0;39m [32m INFO[0;39m [35m22764[0;39m [2m---[0;39m [2m[           main][0;39m [36mo.a.c.c.C.[Tomcat].[localhost].[/]      [0;39m [2m:[0;39m Initializing Spring embedded WebApplicationContext
[2m2023-12-20 18:20:19.100[0;39m [32m INFO[0;39m [35m22764[0;39m [2m---[0;39m [2m[           main][0;39m [36mw.s.c.ServletWebServerApplicationContext[0;39m [2m:[0;39m Root WebApplicationContext: initialization completed in 1121 ms
[2m2023-12-20 18:20:19.476[0;39m [33m WARN[0;39m [35m22764[0;39m [2m---[0;39m [2m[           main][0;39m [36mion$DefaultTemplateResolverConfiguration[0;39m [2m:[0;39m Cannot find template location: classpath:/templates/ (please add some templates or check your Thymeleaf configuration)
[2m2023-12-20 18:20:21.011[0;39m [32m INFO[0;39m [35m22764[0;39m [2m---[0;39m [2m[           main][0;39m [36mo.s.s.web.DefaultSecurityFilterChain    [0;39m [2m:[0;39m Will secure any request with [org.springframework.security.web.context.request.async.WebAsyncManagerIntegrationFilter@72b0a004, org.springframework.security.web.context.SecurityContextPersistenceFilter@733fb462, org.springframework.security.web.header.HeaderWriterFilter@16d07cf3, org.springframework.security.web.authentication.logout.LogoutFilter@796d33eb, org.springframework.security.web.authentication.UsernamePasswordAuthenticationFilter@7bbcf6f0, org.springframework.security.web.authentication.www.BasicAuthenticationFilter@5d5c41e5, org.springframework.security.web.savedrequest.RequestCacheAwareFilter@359066bc, org.springframework.security.web.servletapi.SecurityContextHolderAwareRequestFilter@67fb5025, org.springframework.security.web.authentication.rememberme.RememberMeAuthenticationFilter@42e4e589, org.springframework.security.web.authentication.AnonymousAuthenticationFilter@4cdba2ed, org.springframework.security.web.session.SessionManagementFilter@6c977dcf, org.springframework.security.web.access.ExceptionTranslationFilter@27dc627a, org.springframework.security.web.access.intercept.FilterSecurityInterceptor@69364b2d]
[2m2023-12-20 18:20:21.031[0;39m [32m INFO[0;39m [35m22764[0;39m [2m---[0;39m [2m[           main][0;39m [36mo.s.b.a.e.web.EndpointLinksResolver     [0;39m [2m:[0;39m Exposing 14 endpoint(s) beneath base path '/actuator'
[2m2023-12-20 18:20:21.077[0;39m [32m INFO[0;39m [35m22764[0;39m [2m---[0;39m [2m[           main][0;39m [36mo.s.b.w.embedded.tomcat.TomcatWebServer [0;39m [2m:[0;39m Tomcat started on port(s): 8000 (http) with context path ''
[2m2023-12-20 18:20:21.094[0;39m [32m INFO[0;39m [35m22764[0;39m [2m---[0;39m [2m[           main][0;39m [36mcn.lili.admin.AdminApplication          [0;39m [2m:[0;39m Started AdminApplication in 4.032 seconds (JVM running for 5.891)
[2m2023-12-20 18:20:22.082[0;39m [32m INFO[0;39m [35m22764[0;39m [2m---[0;39m [2m[5)-192.168.29.1][0;39m [36mo.a.c.c.C.[Tomcat].[localhost].[/]      [0;39m [2m:[0;39m Initializing Spring DispatcherServlet 'dispatcherServlet'
[2m2023-12-20 18:20:22.082[0;39m [32m INFO[0;39m [35m22764[0;39m [2m---[0;39m [2m[5)-192.168.29.1][0;39m [36mo.s.web.servlet.DispatcherServlet       [0;39m [2m:[0;39m Initializing Servlet 'dispatcherServlet'
[2m2023-12-20 18:20:22.083[0;39m [32m INFO[0;39m [35m22764[0;39m [2m---[0;39m [2m[5)-192.168.29.1][0;39m [36mo.s.web.servlet.DispatcherServlet       [0;39m [2m:[0;39m Completed initialization in 1 ms
[2m2023-12-20 18:22:03.789[0;39m [32m INFO[0;39m [35m35596[0;39m [2m---[0;39m [2m[           main][0;39m [36mcn.lili.admin.AdminApplication          [0;39m [2m:[0;39m Starting AdminApplication using Java 1.8.0_321 on DESKTOP-KO4HVEC with PID 35596 (D:\Desk\project\wv小程序\lilishop\admin\target\classes started by wzy05 in D:\Desk\project\wv小程序\lilishop)
[2m2023-12-20 18:22:03.792[0;39m [32m INFO[0;39m [35m35596[0;39m [2m---[0;39m [2m[           main][0;39m [36mcn.lili.admin.AdminApplication          [0;39m [2m:[0;39m No active profile set, falling back to default profiles: default
[2m2023-12-20 18:22:04.643[0;39m [32m INFO[0;39m [35m35596[0;39m [2m---[0;39m [2m[           main][0;39m [36mo.s.b.w.embedded.tomcat.TomcatWebServer [0;39m [2m:[0;39m Tomcat initialized with port(s): 8000 (http)
[2m2023-12-20 18:22:04.650[0;39m [32m INFO[0;39m [35m35596[0;39m [2m---[0;39m [2m[           main][0;39m [36mo.apache.catalina.core.StandardService  [0;39m [2m:[0;39m Starting service [Tomcat]
[2m2023-12-20 18:22:04.650[0;39m [32m INFO[0;39m [35m35596[0;39m [2m---[0;39m [2m[           main][0;39m [36morg.apache.catalina.core.StandardEngine [0;39m [2m:[0;39m Starting Servlet engine: [Apache Tomcat/9.0.52]
[2m2023-12-20 18:22:04.651[0;39m [32m INFO[0;39m [35m35596[0;39m [2m---[0;39m [2m[           main][0;39m [36mo.a.catalina.core.AprLifecycleListener  [0;39m [2m:[0;39m An older version [1.2.26] of the Apache Tomcat Native library is installed, while Tomcat recommends a minimum version of [1.2.30]
[2m2023-12-20 18:22:04.651[0;39m [32m INFO[0;39m [35m35596[0;39m [2m---[0;39m [2m[           main][0;39m [36mo.a.catalina.core.AprLifecycleListener  [0;39m [2m:[0;39m Loaded Apache Tomcat Native library [1.2.26] using APR version [1.7.0].
[2m2023-12-20 18:22:04.652[0;39m [32m INFO[0;39m [35m35596[0;39m [2m---[0;39m [2m[           main][0;39m [36mo.a.catalina.core.AprLifecycleListener  [0;39m [2m:[0;39m APR capabilities: IPv6 [true], sendfile [true], accept filters [false], random [true], UDS [true].
[2m2023-12-20 18:22:04.652[0;39m [32m INFO[0;39m [35m35596[0;39m [2m---[0;39m [2m[           main][0;39m [36mo.a.catalina.core.AprLifecycleListener  [0;39m [2m:[0;39m APR/OpenSSL configuration: useAprConnector [false], useOpenSSL [true]
[2m2023-12-20 18:22:04.654[0;39m [32m INFO[0;39m [35m35596[0;39m [2m---[0;39m [2m[           main][0;39m [36mo.a.catalina.core.AprLifecycleListener  [0;39m [2m:[0;39m OpenSSL successfully initialized [OpenSSL 1.1.1i  8 Dec 2020]
[2m2023-12-20 18:22:04.714[0;39m [32m INFO[0;39m [35m35596[0;39m [2m---[0;39m [2m[           main][0;39m [36mo.a.c.c.C.[Tomcat].[localhost].[/]      [0;39m [2m:[0;39m Initializing Spring embedded WebApplicationContext
[2m2023-12-20 18:22:04.714[0;39m [32m INFO[0;39m [35m35596[0;39m [2m---[0;39m [2m[           main][0;39m [36mw.s.c.ServletWebServerApplicationContext[0;39m [2m:[0;39m Root WebApplicationContext: initialization completed in 897 ms
[2m2023-12-20 18:22:05.060[0;39m [33m WARN[0;39m [35m35596[0;39m [2m---[0;39m [2m[           main][0;39m [36mion$DefaultTemplateResolverConfiguration[0;39m [2m:[0;39m Cannot find template location: classpath:/templates/ (please add some templates or check your Thymeleaf configuration)
[2m2023-12-20 18:22:06.190[0;39m [32m INFO[0;39m [35m35596[0;39m [2m---[0;39m [2m[           main][0;39m [36mo.s.s.web.DefaultSecurityFilterChain    [0;39m [2m:[0;39m Will secure any request with [org.springframework.security.web.context.request.async.WebAsyncManagerIntegrationFilter@794f11cd, org.springframework.security.web.context.SecurityContextPersistenceFilter@27dc627a, org.springframework.security.web.header.HeaderWriterFilter@3f8dfe74, org.springframework.security.web.authentication.logout.LogoutFilter@8e25d3f, org.springframework.security.web.authentication.UsernamePasswordAuthenticationFilter@10a18e3e, org.springframework.security.web.authentication.www.BasicAuthenticationFilter@2b80e5a9, org.springframework.security.web.savedrequest.RequestCacheAwareFilter@37a9b687, org.springframework.security.web.servletapi.SecurityContextHolderAwareRequestFilter@385dfb63, org.springframework.security.web.authentication.rememberme.RememberMeAuthenticationFilter@2a50b32d, org.springframework.security.web.authentication.AnonymousAuthenticationFilter@715f45c6, org.springframework.security.web.session.SessionManagementFilter@1a950fdd, org.springframework.security.web.access.ExceptionTranslationFilter@7f3ca64a, org.springframework.security.web.access.intercept.FilterSecurityInterceptor@7bee8621]
[2m2023-12-20 18:22:06.203[0;39m [32m INFO[0;39m [35m35596[0;39m [2m---[0;39m [2m[           main][0;39m [36mo.s.b.a.e.web.EndpointLinksResolver     [0;39m [2m:[0;39m Exposing 14 endpoint(s) beneath base path '/actuator'
[2m2023-12-20 18:22:06.233[0;39m [32m INFO[0;39m [35m35596[0;39m [2m---[0;39m [2m[           main][0;39m [36mo.s.b.w.embedded.tomcat.TomcatWebServer [0;39m [2m:[0;39m Tomcat started on port(s): 8000 (http) with context path ''
[2m2023-12-20 18:22:06.246[0;39m [32m INFO[0;39m [35m35596[0;39m [2m---[0;39m [2m[           main][0;39m [36mcn.lili.admin.AdminApplication          [0;39m [2m:[0;39m Started AdminApplication in 3.141 seconds (JVM running for 4.015)
[2m2023-12-20 18:22:06.882[0;39m [32m INFO[0;39m [35m35596[0;39m [2m---[0;39m [2m[3)-192.168.29.1][0;39m [36mo.a.c.c.C.[Tomcat].[localhost].[/]      [0;39m [2m:[0;39m Initializing Spring DispatcherServlet 'dispatcherServlet'
[2m2023-12-20 18:22:06.882[0;39m [32m INFO[0;39m [35m35596[0;39m [2m---[0;39m [2m[3)-192.168.29.1][0;39m [36mo.s.web.servlet.DispatcherServlet       [0;39m [2m:[0;39m Initializing Servlet 'dispatcherServlet'
[2m2023-12-20 18:22:06.884[0;39m [32m INFO[0;39m [35m35596[0;39m [2m---[0;39m [2m[3)-192.168.29.1][0;39m [36mo.s.web.servlet.DispatcherServlet       [0;39m [2m:[0;39m Completed initialization in 1 ms
