[2m2023-12-25 09:28:36.819[0;39m [32m INFO[0;39m [35m27100[0;39m [2m---[0;39m [2m[           main][0;39m [36mcn.lili.admin.AdminApplication          [0;39m [2m:[0;39m Starting AdminApplication using Java 1.8.0_321 on DESKTOP-KO4HVEC with PID 27100 (D:\Desk\project\wv小程序\lilishop\admin\target\classes started by wzy05 in D:\Desk\project\wv小程序\lilishop)
[2m2023-12-25 09:28:36.823[0;39m [32m INFO[0;39m [35m27100[0;39m [2m---[0;39m [2m[           main][0;39m [36mcn.lili.admin.AdminApplication          [0;39m [2m:[0;39m No active profile set, falling back to default profiles: default
[2m2023-12-25 09:28:37.827[0;39m [32m INFO[0;39m [35m27100[0;39m [2m---[0;39m [2m[           main][0;39m [36mo.s.b.w.embedded.tomcat.TomcatWebServer [0;39m [2m:[0;39m Tomcat initialized with port(s): 8000 (http)
[2m2023-12-25 09:28:37.840[0;39m [32m INFO[0;39m [35m27100[0;39m [2m---[0;39m [2m[           main][0;39m [36mo.apache.catalina.core.StandardService  [0;39m [2m:[0;39m Starting service [Tomcat]
[2m2023-12-25 09:28:37.841[0;39m [32m INFO[0;39m [35m27100[0;39m [2m---[0;39m [2m[           main][0;39m [36morg.apache.catalina.core.StandardEngine [0;39m [2m:[0;39m Starting Servlet engine: [Apache Tomcat/9.0.52]
[2m2023-12-25 09:28:37.842[0;39m [32m INFO[0;39m [35m27100[0;39m [2m---[0;39m [2m[           main][0;39m [36mo.a.catalina.core.AprLifecycleListener  [0;39m [2m:[0;39m An older version [1.2.26] of the Apache Tomcat Native library is installed, while Tomcat recommends a minimum version of [1.2.30]
[2m2023-12-25 09:28:37.843[0;39m [32m INFO[0;39m [35m27100[0;39m [2m---[0;39m [2m[           main][0;39m [36mo.a.catalina.core.AprLifecycleListener  [0;39m [2m:[0;39m Loaded Apache Tomcat Native library [1.2.26] using APR version [1.7.0].
[2m2023-12-25 09:28:37.843[0;39m [32m INFO[0;39m [35m27100[0;39m [2m---[0;39m [2m[           main][0;39m [36mo.a.catalina.core.AprLifecycleListener  [0;39m [2m:[0;39m APR capabilities: IPv6 [true], sendfile [true], accept filters [false], random [true], UDS [true].
[2m2023-12-25 09:28:37.843[0;39m [32m INFO[0;39m [35m27100[0;39m [2m---[0;39m [2m[           main][0;39m [36mo.a.catalina.core.AprLifecycleListener  [0;39m [2m:[0;39m APR/OpenSSL configuration: useAprConnector [false], useOpenSSL [true]
[2m2023-12-25 09:28:37.847[0;39m [32m INFO[0;39m [35m27100[0;39m [2m---[0;39m [2m[           main][0;39m [36mo.a.catalina.core.AprLifecycleListener  [0;39m [2m:[0;39m OpenSSL successfully initialized [OpenSSL 1.1.1i  8 Dec 2020]
[2m2023-12-25 09:28:37.914[0;39m [32m INFO[0;39m [35m27100[0;39m [2m---[0;39m [2m[           main][0;39m [36mo.a.c.c.C.[Tomcat].[localhost].[/]      [0;39m [2m:[0;39m Initializing Spring embedded WebApplicationContext
[2m2023-12-25 09:28:37.914[0;39m [32m INFO[0;39m [35m27100[0;39m [2m---[0;39m [2m[           main][0;39m [36mw.s.c.ServletWebServerApplicationContext[0;39m [2m:[0;39m Root WebApplicationContext: initialization completed in 1063 ms
[2m2023-12-25 09:28:38.402[0;39m [33m WARN[0;39m [35m27100[0;39m [2m---[0;39m [2m[           main][0;39m [36mion$DefaultTemplateResolverConfiguration[0;39m [2m:[0;39m Cannot find template location: classpath:/templates/ (please add some templates or check your Thymeleaf configuration)
[2m2023-12-25 09:28:39.817[0;39m [32m INFO[0;39m [35m27100[0;39m [2m---[0;39m [2m[           main][0;39m [36mo.s.s.web.DefaultSecurityFilterChain    [0;39m [2m:[0;39m Will secure any request with [org.springframework.security.web.context.request.async.WebAsyncManagerIntegrationFilter@794f11cd, org.springframework.security.web.context.SecurityContextPersistenceFilter@27dc627a, org.springframework.security.web.header.HeaderWriterFilter@3f8dfe74, org.springframework.security.web.authentication.logout.LogoutFilter@8e25d3f, org.springframework.security.web.authentication.UsernamePasswordAuthenticationFilter@10a18e3e, org.springframework.security.web.authentication.www.BasicAuthenticationFilter@2b80e5a9, org.springframework.security.web.savedrequest.RequestCacheAwareFilter@37a9b687, org.springframework.security.web.servletapi.SecurityContextHolderAwareRequestFilter@385dfb63, org.springframework.security.web.authentication.rememberme.RememberMeAuthenticationFilter@2a50b32d, org.springframework.security.web.authentication.AnonymousAuthenticationFilter@715f45c6, org.springframework.security.web.session.SessionManagementFilter@1a950fdd, org.springframework.security.web.access.ExceptionTranslationFilter@7f3ca64a, org.springframework.security.web.access.intercept.FilterSecurityInterceptor@7bee8621]
[2m2023-12-25 09:28:39.832[0;39m [32m INFO[0;39m [35m27100[0;39m [2m---[0;39m [2m[           main][0;39m [36mo.s.b.a.e.web.EndpointLinksResolver     [0;39m [2m:[0;39m Exposing 14 endpoint(s) beneath base path '/actuator'
[2m2023-12-25 09:28:39.866[0;39m [32m INFO[0;39m [35m27100[0;39m [2m---[0;39m [2m[           main][0;39m [36mo.s.b.w.embedded.tomcat.TomcatWebServer [0;39m [2m:[0;39m Tomcat started on port(s): 8000 (http) with context path ''
[2m2023-12-25 09:28:39.882[0;39m [32m INFO[0;39m [35m27100[0;39m [2m---[0;39m [2m[           main][0;39m [36mcn.lili.admin.AdminApplication          [0;39m [2m:[0;39m Started AdminApplication in 3.876 seconds (JVM running for 4.877)
[2m2023-12-25 09:28:40.522[0;39m [32m INFO[0;39m [35m27100[0;39m [2m---[0;39m [2m[3)-192.168.29.1][0;39m [36mo.a.c.c.C.[Tomcat].[localhost].[/]      [0;39m [2m:[0;39m Initializing Spring DispatcherServlet 'dispatcherServlet'
[2m2023-12-25 09:28:40.522[0;39m [32m INFO[0;39m [35m27100[0;39m [2m---[0;39m [2m[3)-192.168.29.1][0;39m [36mo.s.web.servlet.DispatcherServlet       [0;39m [2m:[0;39m Initializing Servlet 'dispatcherServlet'
[2m2023-12-25 09:28:40.524[0;39m [32m INFO[0;39m [35m27100[0;39m [2m---[0;39m [2m[3)-192.168.29.1][0;39m [36mo.s.web.servlet.DispatcherServlet       [0;39m [2m:[0;39m Completed initialization in 2 ms
[2m2023-12-25 09:42:05.700[0;39m [32m INFO[0;39m [35m27328[0;39m [2m---[0;39m [2m[           main][0;39m [36mcn.lili.admin.AdminApplication          [0;39m [2m:[0;39m Starting AdminApplication using Java 1.8.0_321 on DESKTOP-KO4HVEC with PID 27328 (D:\Desk\project\wv小程序\lilishop\admin\target\classes started by wzy05 in D:\Desk\project\wv小程序\lilishop)
[2m2023-12-25 09:42:05.703[0;39m [32m INFO[0;39m [35m27328[0;39m [2m---[0;39m [2m[           main][0;39m [36mcn.lili.admin.AdminApplication          [0;39m [2m:[0;39m No active profile set, falling back to default profiles: default
[2m2023-12-25 09:42:06.822[0;39m [32m INFO[0;39m [35m27328[0;39m [2m---[0;39m [2m[           main][0;39m [36mo.s.b.w.embedded.tomcat.TomcatWebServer [0;39m [2m:[0;39m Tomcat initialized with port(s): 8000 (http)
[2m2023-12-25 09:42:06.830[0;39m [32m INFO[0;39m [35m27328[0;39m [2m---[0;39m [2m[           main][0;39m [36mo.apache.catalina.core.StandardService  [0;39m [2m:[0;39m Starting service [Tomcat]
[2m2023-12-25 09:42:06.831[0;39m [32m INFO[0;39m [35m27328[0;39m [2m---[0;39m [2m[           main][0;39m [36morg.apache.catalina.core.StandardEngine [0;39m [2m:[0;39m Starting Servlet engine: [Apache Tomcat/9.0.52]
[2m2023-12-25 09:42:06.832[0;39m [32m INFO[0;39m [35m27328[0;39m [2m---[0;39m [2m[           main][0;39m [36mo.a.catalina.core.AprLifecycleListener  [0;39m [2m:[0;39m An older version [1.2.26] of the Apache Tomcat Native library is installed, while Tomcat recommends a minimum version of [1.2.30]
[2m2023-12-25 09:42:06.832[0;39m [32m INFO[0;39m [35m27328[0;39m [2m---[0;39m [2m[           main][0;39m [36mo.a.catalina.core.AprLifecycleListener  [0;39m [2m:[0;39m Loaded Apache Tomcat Native library [1.2.26] using APR version [1.7.0].
[2m2023-12-25 09:42:06.832[0;39m [32m INFO[0;39m [35m27328[0;39m [2m---[0;39m [2m[           main][0;39m [36mo.a.catalina.core.AprLifecycleListener  [0;39m [2m:[0;39m APR capabilities: IPv6 [true], sendfile [true], accept filters [false], random [true], UDS [true].
[2m2023-12-25 09:42:06.833[0;39m [32m INFO[0;39m [35m27328[0;39m [2m---[0;39m [2m[           main][0;39m [36mo.a.catalina.core.AprLifecycleListener  [0;39m [2m:[0;39m APR/OpenSSL configuration: useAprConnector [false], useOpenSSL [true]
[2m2023-12-25 09:42:06.836[0;39m [32m INFO[0;39m [35m27328[0;39m [2m---[0;39m [2m[           main][0;39m [36mo.a.catalina.core.AprLifecycleListener  [0;39m [2m:[0;39m OpenSSL successfully initialized [OpenSSL 1.1.1i  8 Dec 2020]
[2m2023-12-25 09:42:06.904[0;39m [32m INFO[0;39m [35m27328[0;39m [2m---[0;39m [2m[           main][0;39m [36mo.a.c.c.C.[Tomcat].[localhost].[/]      [0;39m [2m:[0;39m Initializing Spring embedded WebApplicationContext
[2m2023-12-25 09:42:06.904[0;39m [32m INFO[0;39m [35m27328[0;39m [2m---[0;39m [2m[           main][0;39m [36mw.s.c.ServletWebServerApplicationContext[0;39m [2m:[0;39m Root WebApplicationContext: initialization completed in 1160 ms
[2m2023-12-25 09:42:07.556[0;39m [33m WARN[0;39m [35m27328[0;39m [2m---[0;39m [2m[           main][0;39m [36mion$DefaultTemplateResolverConfiguration[0;39m [2m:[0;39m Cannot find template location: classpath:/templates/ (please add some templates or check your Thymeleaf configuration)
[2m2023-12-25 09:42:09.018[0;39m [32m INFO[0;39m [35m27328[0;39m [2m---[0;39m [2m[           main][0;39m [36mo.s.s.web.DefaultSecurityFilterChain    [0;39m [2m:[0;39m Will secure any request with [org.springframework.security.web.context.request.async.WebAsyncManagerIntegrationFilter@32b95de, org.springframework.security.web.context.SecurityContextPersistenceFilter@2335aef2, org.springframework.security.web.header.HeaderWriterFilter@19647566, org.springframework.security.web.authentication.logout.LogoutFilter@75a226ea, org.springframework.security.web.authentication.UsernamePasswordAuthenticationFilter@359865a2, org.springframework.security.web.authentication.www.BasicAuthenticationFilter@54e0f76f, org.springframework.security.web.savedrequest.RequestCacheAwareFilter@2f038d3c, org.springframework.security.web.servletapi.SecurityContextHolderAwareRequestFilter@7856f41a, org.springframework.security.web.authentication.rememberme.RememberMeAuthenticationFilter@7462ba4b, org.springframework.security.web.authentication.AnonymousAuthenticationFilter@629cbb1, org.springframework.security.web.session.SessionManagementFilter@527d48db, org.springframework.security.web.access.ExceptionTranslationFilter@3041beb3, org.springframework.security.web.access.intercept.FilterSecurityInterceptor@173b1af1]
[2m2023-12-25 09:42:09.037[0;39m [32m INFO[0;39m [35m27328[0;39m [2m---[0;39m [2m[           main][0;39m [36mo.s.b.a.e.web.EndpointLinksResolver     [0;39m [2m:[0;39m Exposing 14 endpoint(s) beneath base path '/actuator'
[2m2023-12-25 09:42:09.081[0;39m [32m INFO[0;39m [35m27328[0;39m [2m---[0;39m [2m[           main][0;39m [36mo.s.b.w.embedded.tomcat.TomcatWebServer [0;39m [2m:[0;39m Tomcat started on port(s): 8000 (http) with context path ''
[2m2023-12-25 09:42:09.098[0;39m [32m INFO[0;39m [35m27328[0;39m [2m---[0;39m [2m[           main][0;39m [36mcn.lili.admin.AdminApplication          [0;39m [2m:[0;39m Started AdminApplication in 4.288 seconds (JVM running for 6.053)
[2m2023-12-25 09:42:09.380[0;39m [32m INFO[0;39m [35m27328[0;39m [2m---[0;39m [2m[nio-8000-exec-1][0;39m [36mo.a.c.c.C.[Tomcat].[localhost].[/]      [0;39m [2m:[0;39m Initializing Spring DispatcherServlet 'dispatcherServlet'
[2m2023-12-25 09:42:09.380[0;39m [32m INFO[0;39m [35m27328[0;39m [2m---[0;39m [2m[nio-8000-exec-1][0;39m [36mo.s.web.servlet.DispatcherServlet       [0;39m [2m:[0;39m Initializing Servlet 'dispatcherServlet'
[2m2023-12-25 09:42:09.381[0;39m [32m INFO[0;39m [35m27328[0;39m [2m---[0;39m [2m[nio-8000-exec-1][0;39m [36mo.s.web.servlet.DispatcherServlet       [0;39m [2m:[0;39m Completed initialization in 1 ms
[2m2023-12-25 09:56:50.737[0;39m [32m INFO[0;39m [35m27328[0;39m [2m---[0;39m [2m[ctor-http-nio-8][0;39m [36md.c.b.a.server.services.StatusUpdater   [0;39m [2m:[0;39m Couldn't retrieve status for Instance(id=3a5161661984, version=2, registration=Registration(name=buyer-api, managementUrl=http://DESKTOP-KO4HVEC:8888/actuator, healthUrl=http://DESKTOP-KO4HVEC:8888/actuator/health, serviceUrl=http://DESKTOP-KO4HVEC:8888/, source=http-api), registered=true, statusInfo=StatusInfo(status=UP, details={}), statusTimestamp=2023-12-25T01:42:12.722Z, info=Info(values={}), endpoints=Endpoints(endpoints={integrationgraph=Endpoint(id=integrationgraph, url=http://DESKTOP-KO4HVEC:8888/actuator/integrationgraph), caches=Endpoint(id=caches, url=http://DESKTOP-KO4HVEC:8888/actuator/caches), loggers=Endpoint(id=loggers, url=http://DESKTOP-KO4HVEC:8888/actuator/loggers), logfile=Endpoint(id=logfile, url=http://DESKTOP-KO4HVEC:8888/actuator/logfile), health=Endpoint(id=health, url=http://DESKTOP-KO4HVEC:8888/actuator/health), env=Endpoint(id=env, url=http://DESKTOP-KO4HVEC:8888/actuator/env), heapdump=Endpoint(id=heapdump, url=http://DESKTOP-KO4HVEC:8888/actuator/heapdump), scheduledtasks=Endpoint(id=scheduledtasks, url=http://DESKTOP-KO4HVEC:8888/actuator/scheduledtasks), mappings=Endpoint(id=mappings, url=http://DESKTOP-KO4HVEC:8888/actuator/mappings), beans=Endpoint(id=beans, url=http://DESKTOP-KO4HVEC:8888/actuator/beans), configprops=Endpoint(id=configprops, url=http://DESKTOP-KO4HVEC:8888/actuator/configprops), threaddump=Endpoint(id=threaddump, url=http://DESKTOP-KO4HVEC:8888/actuator/threaddump), metrics=Endpoint(id=metrics, url=http://DESKTOP-KO4HVEC:8888/actuator/metrics), conditions=Endpoint(id=conditions, url=http://DESKTOP-KO4HVEC:8888/actuator/conditions), info=Endpoint(id=info, url=http://DESKTOP-KO4HVEC:8888/actuator/info)}), buildVersion=null, tags=Tags(values={}))

org.springframework.web.reactive.function.client.WebClientRequestException: Connection refused: no further information: localhost/127.0.0.1:8888; nested exception is io.netty.channel.AbstractChannel$AnnotatedConnectException: Connection refused: no further information: localhost/127.0.0.1:8888
	at org.springframework.web.reactive.function.client.ExchangeFunctions$DefaultExchangeFunction.lambda$wrapException$9(ExchangeFunctions.java:141)
	Suppressed: reactor.core.publisher.FluxOnAssembly$OnAssemblyException: 
Error has been observed at the following site(s):
	|_ checkpoint ⇢ Request to GET health [DefaultWebClient]
Stack trace:
		at org.springframework.web.reactive.function.client.ExchangeFunctions$DefaultExchangeFunction.lambda$wrapException$9(ExchangeFunctions.java:141)
		at reactor.core.publisher.MonoErrorSupplied.subscribe(MonoErrorSupplied.java:55)
		at reactor.core.publisher.Mono.subscribe(Mono.java:4338)
		at reactor.core.publisher.FluxOnErrorResume$ResumeSubscriber.onError(FluxOnErrorResume.java:103)
		at reactor.core.publisher.FluxPeek$PeekSubscriber.onError(FluxPeek.java:222)
		at reactor.core.publisher.FluxPeek$PeekSubscriber.onError(FluxPeek.java:222)
		at reactor.core.publisher.FluxPeek$PeekSubscriber.onError(FluxPeek.java:222)
		at reactor.core.publisher.MonoNext$NextSubscriber.onError(MonoNext.java:93)
		at reactor.core.publisher.MonoFlatMapMany$FlatMapManyMain.onError(MonoFlatMapMany.java:204)
		at reactor.core.publisher.SerializedSubscriber.onError(SerializedSubscriber.java:124)
		at reactor.core.publisher.FluxRetryWhen$RetryWhenMainSubscriber.whenError(FluxRetryWhen.java:225)
		at reactor.core.publisher.FluxRetryWhen$RetryWhenOtherSubscriber.onError(FluxRetryWhen.java:274)
		at reactor.core.publisher.FluxConcatMap$ConcatMapImmediate.drain(FluxConcatMap.java:414)
		at reactor.core.publisher.FluxConcatMap$ConcatMapImmediate.onNext(FluxConcatMap.java:251)
		at reactor.core.publisher.EmitterProcessor.drain(EmitterProcessor.java:491)
		at reactor.core.publisher.EmitterProcessor.tryEmitNext(EmitterProcessor.java:299)
		at reactor.core.publisher.SinkManySerialized.tryEmitNext(SinkManySerialized.java:100)
		at reactor.core.publisher.InternalManySink.emitNext(InternalManySink.java:27)
		at reactor.core.publisher.FluxRetryWhen$RetryWhenMainSubscriber.onError(FluxRetryWhen.java:190)
		at reactor.core.publisher.MonoCreate$DefaultMonoSink.error(MonoCreate.java:189)
		at reactor.netty.http.client.HttpClientConnect$MonoHttpConnect$ClientTransportSubscriber.onError(HttpClientConnect.java:304)
		at reactor.core.publisher.MonoCreate$DefaultMonoSink.error(MonoCreate.java:189)
		at reactor.netty.resources.DefaultPooledConnectionProvider$DisposableAcquire.onError(DefaultPooledConnectionProvider.java:172)
		at reactor.netty.internal.shaded.reactor.pool.AbstractPool$Borrower.fail(AbstractPool.java:445)
		at reactor.netty.internal.shaded.reactor.pool.SimpleDequePool.lambda$drainLoop$9(SimpleDequePool.java:400)
		at reactor.core.publisher.FluxDoOnEach$DoOnEachSubscriber.onError(FluxDoOnEach.java:186)
		at reactor.core.publisher.MonoCreate$DefaultMonoSink.error(MonoCreate.java:189)
		at reactor.netty.resources.DefaultPooledConnectionProvider$PooledConnectionAllocator$PooledConnectionInitializer.onError(DefaultPooledConnectionProvider.java:554)
		at reactor.core.publisher.MonoFlatMap$FlatMapMain.secondError(MonoFlatMap.java:192)
		at reactor.core.publisher.MonoFlatMap$FlatMapInner.onError(MonoFlatMap.java:259)
		at reactor.core.publisher.FluxOnErrorResume$ResumeSubscriber.onError(FluxOnErrorResume.java:106)
		at reactor.core.publisher.Operators.error(Operators.java:198)
		at reactor.core.publisher.MonoError.subscribe(MonoError.java:53)
		at reactor.core.publisher.Mono.subscribe(Mono.java:4338)
		at reactor.core.publisher.FluxOnErrorResume$ResumeSubscriber.onError(FluxOnErrorResume.java:103)
		at reactor.netty.transport.TransportConnector$MonoChannelPromise.tryFailure(TransportConnector.java:517)
		at reactor.netty.transport.TransportConnector$MonoChannelPromise.setFailure(TransportConnector.java:471)
		at reactor.netty.transport.TransportConnector.lambda$doConnect$7(TransportConnector.java:206)
		at io.netty.util.concurrent.DefaultPromise.notifyListener0(DefaultPromise.java:578)
		at io.netty.util.concurrent.DefaultPromise.notifyListeners0(DefaultPromise.java:571)
		at io.netty.util.concurrent.DefaultPromise.notifyListenersNow(DefaultPromise.java:550)
		at io.netty.util.concurrent.DefaultPromise.notifyListeners(DefaultPromise.java:491)
		at io.netty.util.concurrent.DefaultPromise.setValue0(DefaultPromise.java:616)
		at io.netty.util.concurrent.DefaultPromise.setFailure0(DefaultPromise.java:609)
		at io.netty.util.concurrent.DefaultPromise.tryFailure(DefaultPromise.java:117)
		at io.netty.channel.nio.AbstractNioChannel$AbstractNioUnsafe.fulfillConnectPromise(AbstractNioChannel.java:321)
		at io.netty.channel.nio.AbstractNioChannel$AbstractNioUnsafe.finishConnect(AbstractNioChannel.java:337)
		at io.netty.channel.nio.NioEventLoop.processSelectedKey(NioEventLoop.java:707)
		at io.netty.channel.nio.NioEventLoop.processSelectedKeysOptimized(NioEventLoop.java:655)
		at io.netty.channel.nio.NioEventLoop.processSelectedKeys(NioEventLoop.java:581)
		at io.netty.channel.nio.NioEventLoop.run(NioEventLoop.java:493)
		at io.netty.util.concurrent.SingleThreadEventExecutor$4.run(SingleThreadEventExecutor.java:986)
		at io.netty.util.internal.ThreadExecutorMap$2.run(ThreadExecutorMap.java:74)
		at io.netty.util.concurrent.FastThreadLocalRunnable.run(FastThreadLocalRunnable.java:30)
		at java.lang.Thread.run(Thread.java:750)
Caused by: io.netty.channel.AbstractChannel$AnnotatedConnectException: Connection refused: no further information: localhost/127.0.0.1:8888
Caused by: java.net.ConnectException: Connection refused: no further information
	at sun.nio.ch.SocketChannelImpl.checkConnect(Native Method)
	at sun.nio.ch.SocketChannelImpl.finishConnect(SocketChannelImpl.java:715)
	at io.netty.channel.socket.nio.NioSocketChannel.doFinishConnect(NioSocketChannel.java:330)
	at io.netty.channel.nio.AbstractNioChannel$AbstractNioUnsafe.finishConnect(AbstractNioChannel.java:334)
	at io.netty.channel.nio.NioEventLoop.processSelectedKey(NioEventLoop.java:707)
	at io.netty.channel.nio.NioEventLoop.processSelectedKeysOptimized(NioEventLoop.java:655)
	at io.netty.channel.nio.NioEventLoop.processSelectedKeys(NioEventLoop.java:581)
	at io.netty.channel.nio.NioEventLoop.run(NioEventLoop.java:493)
	at io.netty.util.concurrent.SingleThreadEventExecutor$4.run(SingleThreadEventExecutor.java:986)
	at io.netty.util.internal.ThreadExecutorMap$2.run(ThreadExecutorMap.java:74)
	at io.netty.util.concurrent.FastThreadLocalRunnable.run(FastThreadLocalRunnable.java:30)
	at java.lang.Thread.run(Thread.java:750)

[2m2023-12-25 09:57:54.333[0;39m [32m INFO[0;39m [35m24348[0;39m [2m---[0;39m [2m[           main][0;39m [36mcn.lili.admin.AdminApplication          [0;39m [2m:[0;39m Starting AdminApplication using Java 1.8.0_321 on DESKTOP-KO4HVEC with PID 24348 (D:\Desk\project\wv小程序\lilishop\admin\target\classes started by wzy05 in D:\Desk\project\wv小程序\lilishop)
[2m2023-12-25 09:57:54.336[0;39m [32m INFO[0;39m [35m24348[0;39m [2m---[0;39m [2m[           main][0;39m [36mcn.lili.admin.AdminApplication          [0;39m [2m:[0;39m No active profile set, falling back to default profiles: default
[2m2023-12-25 09:57:55.451[0;39m [32m INFO[0;39m [35m24348[0;39m [2m---[0;39m [2m[           main][0;39m [36mo.s.b.w.embedded.tomcat.TomcatWebServer [0;39m [2m:[0;39m Tomcat initialized with port(s): 8000 (http)
[2m2023-12-25 09:57:55.459[0;39m [32m INFO[0;39m [35m24348[0;39m [2m---[0;39m [2m[           main][0;39m [36mo.apache.catalina.core.StandardService  [0;39m [2m:[0;39m Starting service [Tomcat]
[2m2023-12-25 09:57:55.459[0;39m [32m INFO[0;39m [35m24348[0;39m [2m---[0;39m [2m[           main][0;39m [36morg.apache.catalina.core.StandardEngine [0;39m [2m:[0;39m Starting Servlet engine: [Apache Tomcat/9.0.52]
[2m2023-12-25 09:57:55.460[0;39m [32m INFO[0;39m [35m24348[0;39m [2m---[0;39m [2m[           main][0;39m [36mo.a.catalina.core.AprLifecycleListener  [0;39m [2m:[0;39m An older version [1.2.26] of the Apache Tomcat Native library is installed, while Tomcat recommends a minimum version of [1.2.30]
[2m2023-12-25 09:57:55.461[0;39m [32m INFO[0;39m [35m24348[0;39m [2m---[0;39m [2m[           main][0;39m [36mo.a.catalina.core.AprLifecycleListener  [0;39m [2m:[0;39m Loaded Apache Tomcat Native library [1.2.26] using APR version [1.7.0].
[2m2023-12-25 09:57:55.461[0;39m [32m INFO[0;39m [35m24348[0;39m [2m---[0;39m [2m[           main][0;39m [36mo.a.catalina.core.AprLifecycleListener  [0;39m [2m:[0;39m APR capabilities: IPv6 [true], sendfile [true], accept filters [false], random [true], UDS [true].
[2m2023-12-25 09:57:55.461[0;39m [32m INFO[0;39m [35m24348[0;39m [2m---[0;39m [2m[           main][0;39m [36mo.a.catalina.core.AprLifecycleListener  [0;39m [2m:[0;39m APR/OpenSSL configuration: useAprConnector [false], useOpenSSL [true]
[2m2023-12-25 09:57:55.464[0;39m [32m INFO[0;39m [35m24348[0;39m [2m---[0;39m [2m[           main][0;39m [36mo.a.catalina.core.AprLifecycleListener  [0;39m [2m:[0;39m OpenSSL successfully initialized [OpenSSL 1.1.1i  8 Dec 2020]
[2m2023-12-25 09:57:55.533[0;39m [32m INFO[0;39m [35m24348[0;39m [2m---[0;39m [2m[           main][0;39m [36mo.a.c.c.C.[Tomcat].[localhost].[/]      [0;39m [2m:[0;39m Initializing Spring embedded WebApplicationContext
[2m2023-12-25 09:57:55.533[0;39m [32m INFO[0;39m [35m24348[0;39m [2m---[0;39m [2m[           main][0;39m [36mw.s.c.ServletWebServerApplicationContext[0;39m [2m:[0;39m Root WebApplicationContext: initialization completed in 1166 ms
[2m2023-12-25 09:57:56.112[0;39m [33m WARN[0;39m [35m24348[0;39m [2m---[0;39m [2m[           main][0;39m [36mion$DefaultTemplateResolverConfiguration[0;39m [2m:[0;39m Cannot find template location: classpath:/templates/ (please add some templates or check your Thymeleaf configuration)
[2m2023-12-25 09:57:57.538[0;39m [32m INFO[0;39m [35m24348[0;39m [2m---[0;39m [2m[           main][0;39m [36mo.s.s.web.DefaultSecurityFilterChain    [0;39m [2m:[0;39m Will secure any request with [org.springframework.security.web.context.request.async.WebAsyncManagerIntegrationFilter@7f53fc38, org.springframework.security.web.context.SecurityContextPersistenceFilter@69499c6f, org.springframework.security.web.header.HeaderWriterFilter@2804b13f, org.springframework.security.web.authentication.logout.LogoutFilter@284c4f02, org.springframework.security.web.authentication.UsernamePasswordAuthenticationFilter@797f97e3, org.springframework.security.web.authentication.www.BasicAuthenticationFilter@6f68756d, org.springframework.security.web.savedrequest.RequestCacheAwareFilter@1e0294a7, org.springframework.security.web.servletapi.SecurityContextHolderAwareRequestFilter@17003497, org.springframework.security.web.authentication.rememberme.RememberMeAuthenticationFilter@5d9bb69b, org.springframework.security.web.authentication.AnonymousAuthenticationFilter@5feb82b3, org.springframework.security.web.session.SessionManagementFilter@ac417a2, org.springframework.security.web.access.ExceptionTranslationFilter@a120b9, org.springframework.security.web.access.intercept.FilterSecurityInterceptor@2e1ba142]
[2m2023-12-25 09:57:57.561[0;39m [32m INFO[0;39m [35m24348[0;39m [2m---[0;39m [2m[           main][0;39m [36mo.s.b.a.e.web.EndpointLinksResolver     [0;39m [2m:[0;39m Exposing 14 endpoint(s) beneath base path '/actuator'
[2m2023-12-25 09:57:57.607[0;39m [32m INFO[0;39m [35m24348[0;39m [2m---[0;39m [2m[           main][0;39m [36mo.s.b.w.embedded.tomcat.TomcatWebServer [0;39m [2m:[0;39m Tomcat started on port(s): 8000 (http) with context path ''
[2m2023-12-25 09:57:57.626[0;39m [32m INFO[0;39m [35m24348[0;39m [2m---[0;39m [2m[           main][0;39m [36mcn.lili.admin.AdminApplication          [0;39m [2m:[0;39m Started AdminApplication in 4.107 seconds (JVM running for 5.192)
[2m2023-12-25 09:57:58.071[0;39m [32m INFO[0;39m [35m24348[0;39m [2m---[0;39m [2m[1)-192.168.29.1][0;39m [36mo.a.c.c.C.[Tomcat].[localhost].[/]      [0;39m [2m:[0;39m Initializing Spring DispatcherServlet 'dispatcherServlet'
[2m2023-12-25 09:57:58.072[0;39m [32m INFO[0;39m [35m24348[0;39m [2m---[0;39m [2m[1)-192.168.29.1][0;39m [36mo.s.web.servlet.DispatcherServlet       [0;39m [2m:[0;39m Initializing Servlet 'dispatcherServlet'
[2m2023-12-25 09:57:58.073[0;39m [32m INFO[0;39m [35m24348[0;39m [2m---[0;39m [2m[1)-192.168.29.1][0;39m [36mo.s.web.servlet.DispatcherServlet       [0;39m [2m:[0;39m Completed initialization in 1 ms
